This is pdfTeX, Version 3.14159265-2.6-1.40.18 (TeX Live 2017) (preloaded format=pdflatex 2017.12.11)  2 FEB 2022 16:57
entering extended mode
 restricted \write18 enabled.
 %&-line parsing enabled.
**AssociationSchemes
(./AssociationSchemes.tex
LaTeX2e <2017-04-15>
Babel <3.10> and hyphenation patterns for 84 language(s) loaded.
(/usr/local/texlive/2017/texmf-dist/tex/latex/base/report.cls
Document Class: report 2014/09/29 v1.4h Standard LaTeX document class
(/usr/local/texlive/2017/texmf-dist/tex/latex/base/size11.clo
File: size11.clo 2014/09/29 v1.4h Standard LaTeX file (size option)
)
\c@part=\count79
\c@chapter=\count80
\c@section=\count81
\c@subsection=\count82
\c@subsubsection=\count83
\c@paragraph=\count84
\c@subparagraph=\count85
\c@figure=\count86
\c@table=\count87
\abovecaptionskip=\skip41
\belowcaptionskip=\skip42
\bibindent=\dimen102
)
(/usr/local/texlive/2017/texmf-dist/tex/latex/geometry/geometry.sty
Package: geometry 2010/09/12 v5.6 Page Geometry

(/usr/local/texlive/2017/texmf-dist/tex/latex/graphics/keyval.sty
Package: keyval 2014/10/28 v1.15 key=value parser (DPC)
\KV@toks@=\toks14
)
(/usr/local/texlive/2017/texmf-dist/tex/generic/oberdiek/ifpdf.sty
Package: ifpdf 2017/03/15 v3.2 Provides the ifpdf switch
)
(/usr/local/texlive/2017/texmf-dist/tex/generic/oberdiek/ifvtex.sty
Package: ifvtex 2016/05/16 v1.6 Detect VTeX and its facilities (HO)
Package ifvtex Info: VTeX not detected.
)
(/usr/local/texlive/2017/texmf-dist/tex/generic/ifxetex/ifxetex.sty
Package: ifxetex 2010/09/12 v0.6 Provides ifxetex conditional
)
\Gm@cnth=\count88
\Gm@cntv=\count89
\c@Gm@tempcnt=\count90
\Gm@bindingoffset=\dimen103
\Gm@wd@mp=\dimen104
\Gm@odd@mp=\dimen105
\Gm@even@mp=\dimen106
\Gm@layoutwidth=\dimen107
\Gm@layoutheight=\dimen108
\Gm@layouthoffset=\dimen109
\Gm@layoutvoffset=\dimen110
\Gm@dimlist=\toks15
)
(/usr/local/texlive/2017/texmf-dist/tex/latex/amsfonts/amssymb.sty
Package: amssymb 2013/01/14 v3.01 AMS font symbols

(/usr/local/texlive/2017/texmf-dist/tex/latex/amsfonts/amsfonts.sty
Package: amsfonts 2013/01/14 v3.01 Basic AMSFonts support
\@emptytoks=\toks16
\symAMSa=\mathgroup4
\symAMSb=\mathgroup5
LaTeX Font Info:    Overwriting math alphabet `\mathfrak' in version `bold'
(Font)                  U/euf/m/n --> U/euf/b/n on input line 106.
))
(/usr/local/texlive/2017/texmf-dist/tex/latex/base/inputenc.sty
Package: inputenc 2015/03/17 v1.2c Input encoding file
\inpenc@prehook=\toks17
\inpenc@posthook=\toks18

(/usr/local/texlive/2017/texmf-dist/tex/latex/base/utf8.def
File: utf8.def 2017/01/28 v1.1t UTF-8 support for inputenc
Now handling font encoding OML ...
... no UTF-8 mapping file for font encoding OML
Now handling font encoding T1 ...
... processing UTF-8 mapping file for font encoding T1

(/usr/local/texlive/2017/texmf-dist/tex/latex/base/t1enc.dfu
File: t1enc.dfu 2017/01/28 v1.1t UTF-8 support for inputenc
   defining Unicode char U+00A0 (decimal 160)
   defining Unicode char U+00A1 (decimal 161)
   defining Unicode char U+00A3 (decimal 163)
   defining Unicode char U+00AB (decimal 171)
   defining Unicode char U+00AD (decimal 173)
   defining Unicode char U+00BB (decimal 187)
   defining Unicode char U+00BF (decimal 191)
   defining Unicode char U+00C0 (decimal 192)
   defining Unicode char U+00C1 (decimal 193)
   defining Unicode char U+00C2 (decimal 194)
   defining Unicode char U+00C3 (decimal 195)
   defining Unicode char U+00C4 (decimal 196)
   defining Unicode char U+00C5 (decimal 197)
   defining Unicode char U+00C6 (decimal 198)
   defining Unicode char U+00C7 (decimal 199)
   defining Unicode char U+00C8 (decimal 200)
   defining Unicode char U+00C9 (decimal 201)
   defining Unicode char U+00CA (decimal 202)
   defining Unicode char U+00CB (decimal 203)
   defining Unicode char U+00CC (decimal 204)
   defining Unicode char U+00CD (decimal 205)
   defining Unicode char U+00CE (decimal 206)
   defining Unicode char U+00CF (decimal 207)
   defining Unicode char U+00D0 (decimal 208)
   defining Unicode char U+00D1 (decimal 209)
   defining Unicode char U+00D2 (decimal 210)
   defining Unicode char U+00D3 (decimal 211)
   defining Unicode char U+00D4 (decimal 212)
   defining Unicode char U+00D5 (decimal 213)
   defining Unicode char U+00D6 (decimal 214)
   defining Unicode char U+00D8 (decimal 216)
   defining Unicode char U+00D9 (decimal 217)
   defining Unicode char U+00DA (decimal 218)
   defining Unicode char U+00DB (decimal 219)
   defining Unicode char U+00DC (decimal 220)
   defining Unicode char U+00DD (decimal 221)
   defining Unicode char U+00DE (decimal 222)
   defining Unicode char U+00DF (decimal 223)
   defining Unicode char U+00E0 (decimal 224)
   defining Unicode char U+00E1 (decimal 225)
   defining Unicode char U+00E2 (decimal 226)
   defining Unicode char U+00E3 (decimal 227)
   defining Unicode char U+00E4 (decimal 228)
   defining Unicode char U+00E5 (decimal 229)
   defining Unicode char U+00E6 (decimal 230)
   defining Unicode char U+00E7 (decimal 231)
   defining Unicode char U+00E8 (decimal 232)
   defining Unicode char U+00E9 (decimal 233)
   defining Unicode char U+00EA (decimal 234)
   defining Unicode char U+00EB (decimal 235)
   defining Unicode char U+00EC (decimal 236)
   defining Unicode char U+00ED (decimal 237)
   defining Unicode char U+00EE (decimal 238)
   defining Unicode char U+00EF (decimal 239)
   defining Unicode char U+00F0 (decimal 240)
   defining Unicode char U+00F1 (decimal 241)
   defining Unicode char U+00F2 (decimal 242)
   defining Unicode char U+00F3 (decimal 243)
   defining Unicode char U+00F4 (decimal 244)
   defining Unicode char U+00F5 (decimal 245)
   defining Unicode char U+00F6 (decimal 246)
   defining Unicode char U+00F8 (decimal 248)
   defining Unicode char U+00F9 (decimal 249)
   defining Unicode char U+00FA (decimal 250)
   defining Unicode char U+00FB (decimal 251)
   defining Unicode char U+00FC (decimal 252)
   defining Unicode char U+00FD (decimal 253)
   defining Unicode char U+00FE (decimal 254)
   defining Unicode char U+00FF (decimal 255)
   defining Unicode char U+0100 (decimal 256)
   defining Unicode char U+0101 (decimal 257)
   defining Unicode char U+0102 (decimal 258)
   defining Unicode char U+0103 (decimal 259)
   defining Unicode char U+0104 (decimal 260)
   defining Unicode char U+0105 (decimal 261)
   defining Unicode char U+0106 (decimal 262)
   defining Unicode char U+0107 (decimal 263)
   defining Unicode char U+0108 (decimal 264)
   defining Unicode char U+0109 (decimal 265)
   defining Unicode char U+010A (decimal 266)
   defining Unicode char U+010B (decimal 267)
   defining Unicode char U+010C (decimal 268)
   defining Unicode char U+010D (decimal 269)
   defining Unicode char U+010E (decimal 270)
   defining Unicode char U+010F (decimal 271)
   defining Unicode char U+0110 (decimal 272)
   defining Unicode char U+0111 (decimal 273)
   defining Unicode char U+0112 (decimal 274)
   defining Unicode char U+0113 (decimal 275)
   defining Unicode char U+0114 (decimal 276)
   defining Unicode char U+0115 (decimal 277)
   defining Unicode char U+0116 (decimal 278)
   defining Unicode char U+0117 (decimal 279)
   defining Unicode char U+0118 (decimal 280)
   defining Unicode char U+0119 (decimal 281)
   defining Unicode char U+011A (decimal 282)
   defining Unicode char U+011B (decimal 283)
   defining Unicode char U+011C (decimal 284)
   defining Unicode char U+011D (decimal 285)
   defining Unicode char U+011E (decimal 286)
   defining Unicode char U+011F (decimal 287)
   defining Unicode char U+0120 (decimal 288)
   defining Unicode char U+0121 (decimal 289)
   defining Unicode char U+0122 (decimal 290)
   defining Unicode char U+0123 (decimal 291)
   defining Unicode char U+0124 (decimal 292)
   defining Unicode char U+0125 (decimal 293)
   defining Unicode char U+0128 (decimal 296)
   defining Unicode char U+0129 (decimal 297)
   defining Unicode char U+012A (decimal 298)
   defining Unicode char U+012B (decimal 299)
   defining Unicode char U+012C (decimal 300)
   defining Unicode char U+012D (decimal 301)
   defining Unicode char U+012E (decimal 302)
   defining Unicode char U+012F (decimal 303)
   defining Unicode char U+0130 (decimal 304)
   defining Unicode char U+0131 (decimal 305)
   defining Unicode char U+0132 (decimal 306)
   defining Unicode char U+0133 (decimal 307)
   defining Unicode char U+0134 (decimal 308)
   defining Unicode char U+0135 (decimal 309)
   defining Unicode char U+0136 (decimal 310)
   defining Unicode char U+0137 (decimal 311)
   defining Unicode char U+0139 (decimal 313)
   defining Unicode char U+013A (decimal 314)
   defining Unicode char U+013B (decimal 315)
   defining Unicode char U+013C (decimal 316)
   defining Unicode char U+013D (decimal 317)
   defining Unicode char U+013E (decimal 318)
   defining Unicode char U+0141 (decimal 321)
   defining Unicode char U+0142 (decimal 322)
   defining Unicode char U+0143 (decimal 323)
   defining Unicode char U+0144 (decimal 324)
   defining Unicode char U+0145 (decimal 325)
   defining Unicode char U+0146 (decimal 326)
   defining Unicode char U+0147 (decimal 327)
   defining Unicode char U+0148 (decimal 328)
   defining Unicode char U+014A (decimal 330)
   defining Unicode char U+014B (decimal 331)
   defining Unicode char U+014C (decimal 332)
   defining Unicode char U+014D (decimal 333)
   defining Unicode char U+014E (decimal 334)
   defining Unicode char U+014F (decimal 335)
   defining Unicode char U+0150 (decimal 336)
   defining Unicode char U+0151 (decimal 337)
   defining Unicode char U+0152 (decimal 338)
   defining Unicode char U+0153 (decimal 339)
   defining Unicode char U+0154 (decimal 340)
   defining Unicode char U+0155 (decimal 341)
   defining Unicode char U+0156 (decimal 342)
   defining Unicode char U+0157 (decimal 343)
   defining Unicode char U+0158 (decimal 344)
   defining Unicode char U+0159 (decimal 345)
   defining Unicode char U+015A (decimal 346)
   defining Unicode char U+015B (decimal 347)
   defining Unicode char U+015C (decimal 348)
   defining Unicode char U+015D (decimal 349)
   defining Unicode char U+015E (decimal 350)
   defining Unicode char U+015F (decimal 351)
   defining Unicode char U+0160 (decimal 352)
   defining Unicode char U+0161 (decimal 353)
   defining Unicode char U+0162 (decimal 354)
   defining Unicode char U+0163 (decimal 355)
   defining Unicode char U+0164 (decimal 356)
   defining Unicode char U+0165 (decimal 357)
   defining Unicode char U+0168 (decimal 360)
   defining Unicode char U+0169 (decimal 361)
   defining Unicode char U+016A (decimal 362)
   defining Unicode char U+016B (decimal 363)
   defining Unicode char U+016C (decimal 364)
   defining Unicode char U+016D (decimal 365)
   defining Unicode char U+016E (decimal 366)
   defining Unicode char U+016F (decimal 367)
   defining Unicode char U+0170 (decimal 368)
   defining Unicode char U+0171 (decimal 369)
   defining Unicode char U+0172 (decimal 370)
   defining Unicode char U+0173 (decimal 371)
   defining Unicode char U+0174 (decimal 372)
   defining Unicode char U+0175 (decimal 373)
   defining Unicode char U+0176 (decimal 374)
   defining Unicode char U+0177 (decimal 375)
   defining Unicode char U+0178 (decimal 376)
   defining Unicode char U+0179 (decimal 377)
   defining Unicode char U+017A (decimal 378)
   defining Unicode char U+017B (decimal 379)
   defining Unicode char U+017C (decimal 380)
   defining Unicode char U+017D (decimal 381)
   defining Unicode char U+017E (decimal 382)
   defining Unicode char U+01CD (decimal 461)
   defining Unicode char U+01CE (decimal 462)
   defining Unicode char U+01CF (decimal 463)
   defining Unicode char U+01D0 (decimal 464)
   defining Unicode char U+01D1 (decimal 465)
   defining Unicode char U+01D2 (decimal 466)
   defining Unicode char U+01D3 (decimal 467)
   defining Unicode char U+01D4 (decimal 468)
   defining Unicode char U+01E2 (decimal 482)
   defining Unicode char U+01E3 (decimal 483)
   defining Unicode char U+01E6 (decimal 486)
   defining Unicode char U+01E7 (decimal 487)
   defining Unicode char U+01E8 (decimal 488)
   defining Unicode char U+01E9 (decimal 489)
   defining Unicode char U+01EA (decimal 490)
   defining Unicode char U+01EB (decimal 491)
   defining Unicode char U+01F0 (decimal 496)
   defining Unicode char U+01F4 (decimal 500)
   defining Unicode char U+01F5 (decimal 501)
   defining Unicode char U+0218 (decimal 536)
   defining Unicode char U+0219 (decimal 537)
   defining Unicode char U+021A (decimal 538)
   defining Unicode char U+021B (decimal 539)
   defining Unicode char U+0232 (decimal 562)
   defining Unicode char U+0233 (decimal 563)
   defining Unicode char U+1E02 (decimal 7682)
   defining Unicode char U+1E03 (decimal 7683)
   defining Unicode char U+200C (decimal 8204)
   defining Unicode char U+2010 (decimal 8208)
   defining Unicode char U+2011 (decimal 8209)
   defining Unicode char U+2012 (decimal 8210)
   defining Unicode char U+2013 (decimal 8211)
   defining Unicode char U+2014 (decimal 8212)
   defining Unicode char U+2015 (decimal 8213)
   defining Unicode char U+2018 (decimal 8216)
   defining Unicode char U+2019 (decimal 8217)
   defining Unicode char U+201A (decimal 8218)
   defining Unicode char U+201C (decimal 8220)
   defining Unicode char U+201D (decimal 8221)
   defining Unicode char U+201E (decimal 8222)
   defining Unicode char U+2030 (decimal 8240)
   defining Unicode char U+2031 (decimal 8241)
   defining Unicode char U+2039 (decimal 8249)
   defining Unicode char U+203A (decimal 8250)
   defining Unicode char U+2423 (decimal 9251)
   defining Unicode char U+1E20 (decimal 7712)
   defining Unicode char U+1E21 (decimal 7713)
)
Now handling font encoding OT1 ...
... processing UTF-8 mapping file for font encoding OT1

(/usr/local/texlive/2017/texmf-dist/tex/latex/base/ot1enc.dfu
File: ot1enc.dfu 2017/01/28 v1.1t UTF-8 support for inputenc
   defining Unicode char U+00A0 (decimal 160)
   defining Unicode char U+00A1 (decimal 161)
   defining Unicode char U+00A3 (decimal 163)
   defining Unicode char U+00AD (decimal 173)
   defining Unicode char U+00B8 (decimal 184)
   defining Unicode char U+00BF (decimal 191)
   defining Unicode char U+00C5 (decimal 197)
   defining Unicode char U+00C6 (decimal 198)
   defining Unicode char U+00D8 (decimal 216)
   defining Unicode char U+00DF (decimal 223)
   defining Unicode char U+00E6 (decimal 230)
   defining Unicode char U+00EC (decimal 236)
   defining Unicode char U+00ED (decimal 237)
   defining Unicode char U+00EE (decimal 238)
   defining Unicode char U+00EF (decimal 239)
   defining Unicode char U+00F8 (decimal 248)
   defining Unicode char U+0131 (decimal 305)
   defining Unicode char U+0141 (decimal 321)
   defining Unicode char U+0142 (decimal 322)
   defining Unicode char U+0152 (decimal 338)
   defining Unicode char U+0153 (decimal 339)
   defining Unicode char U+0174 (decimal 372)
   defining Unicode char U+0175 (decimal 373)
   defining Unicode char U+0176 (decimal 374)
   defining Unicode char U+0177 (decimal 375)
   defining Unicode char U+0218 (decimal 536)
   defining Unicode char U+0219 (decimal 537)
   defining Unicode char U+021A (decimal 538)
   defining Unicode char U+021B (decimal 539)
   defining Unicode char U+2013 (decimal 8211)
   defining Unicode char U+2014 (decimal 8212)
   defining Unicode char U+2018 (decimal 8216)
   defining Unicode char U+2019 (decimal 8217)
   defining Unicode char U+201C (decimal 8220)
   defining Unicode char U+201D (decimal 8221)
)
Now handling font encoding OMS ...
... processing UTF-8 mapping file for font encoding OMS

(/usr/local/texlive/2017/texmf-dist/tex/latex/base/omsenc.dfu
File: omsenc.dfu 2017/01/28 v1.1t UTF-8 support for inputenc
   defining Unicode char U+00A7 (decimal 167)
   defining Unicode char U+00B6 (decimal 182)
   defining Unicode char U+00B7 (decimal 183)
   defining Unicode char U+2020 (decimal 8224)
   defining Unicode char U+2021 (decimal 8225)
   defining Unicode char U+2022 (decimal 8226)
)
Now handling font encoding OMX ...
... no UTF-8 mapping file for font encoding OMX
Now handling font encoding U ...
... no UTF-8 mapping file for font encoding U
   defining Unicode char U+00A9 (decimal 169)
   defining Unicode char U+00AA (decimal 170)
   defining Unicode char U+00AE (decimal 174)
   defining Unicode char U+00BA (decimal 186)
   defining Unicode char U+02C6 (decimal 710)
   defining Unicode char U+02DC (decimal 732)
   defining Unicode char U+200C (decimal 8204)
   defining Unicode char U+2026 (decimal 8230)
   defining Unicode char U+2122 (decimal 8482)
   defining Unicode char U+2423 (decimal 9251)
))
(/usr/local/texlive/2017/texmf-dist/tex/latex/base/makeidx.sty
Package: makeidx 2014/09/29 v1.0m Standard LaTeX package
)
\@indexfile=\write3
\openout3 = `AssociationSchemes.idx'.


Writing index file AssociationSchemes.idx
(/usr/local/texlive/2017/texmf-dist/tex/latex/graphics/color.sty
Package: color 2016/07/10 v1.1e Standard LaTeX Color (DPC)

(/usr/local/texlive/2017/texmf-dist/tex/latex/graphics-cfg/color.cfg
File: color.cfg 2016/01/02 v1.6 sample color configuration
)
Package color Info: Driver file: pdftex.def on input line 147.

(/usr/local/texlive/2017/texmf-dist/tex/latex/graphics-def/pdftex.def
File: pdftex.def 2017/01/12 v0.06k Graphics/color for pdfTeX

(/usr/local/texlive/2017/texmf-dist/tex/generic/oberdiek/infwarerr.sty
Package: infwarerr 2016/05/16 v1.4 Providing info/warning/error messages (HO)
)
(/usr/local/texlive/2017/texmf-dist/tex/generic/oberdiek/ltxcmds.sty
Package: ltxcmds 2016/05/16 v1.23 LaTeX kernel commands for general use (HO)
)
\Gread@gobject=\count91
))
(/usr/local/texlive/2017/texmf-dist/tex/latex/fancyvrb/fancyvrb.sty
Package: fancyvrb 2008/02/07

Style option: `fancyvrb' v2.7a, with DG/SPQR fixes, and firstline=lastline fix 
<2008/02/07> (tvz)
\FV@CodeLineNo=\count92
\FV@InFile=\read1
\FV@TabBox=\box26
\c@FancyVerbLine=\count93
\FV@StepNumber=\count94
\FV@OutFile=\write4
)
(/usr/local/texlive/2017/texmf-dist/tex/latex/psnfss/mathptmx.sty
Package: mathptmx 2005/04/12 PSNFSS-v9.2a Times w/ Math, improved (SPQR, WaS) 
LaTeX Font Info:    Redeclaring symbol font `operators' on input line 28.
LaTeX Font Info:    Overwriting symbol font `operators' in version `normal'
(Font)                  OT1/cmr/m/n --> OT1/ztmcm/m/n on input line 28.
LaTeX Font Info:    Overwriting symbol font `operators' in version `bold'
(Font)                  OT1/cmr/bx/n --> OT1/ztmcm/m/n on input line 28.
LaTeX Font Info:    Redeclaring symbol font `letters' on input line 29.
LaTeX Font Info:    Overwriting symbol font `letters' in version `normal'
(Font)                  OML/cmm/m/it --> OML/ztmcm/m/it on input line 29.
LaTeX Font Info:    Overwriting symbol font `letters' in version `bold'
(Font)                  OML/cmm/b/it --> OML/ztmcm/m/it on input line 29.
LaTeX Font Info:    Redeclaring symbol font `symbols' on input line 30.
LaTeX Font Info:    Overwriting symbol font `symbols' in version `normal'
(Font)                  OMS/cmsy/m/n --> OMS/ztmcm/m/n on input line 30.
LaTeX Font Info:    Overwriting symbol font `symbols' in version `bold'
(Font)                  OMS/cmsy/b/n --> OMS/ztmcm/m/n on input line 30.
LaTeX Font Info:    Redeclaring symbol font `largesymbols' on input line 31.
LaTeX Font Info:    Overwriting symbol font `largesymbols' in version `normal'
(Font)                  OMX/cmex/m/n --> OMX/ztmcm/m/n on input line 31.
LaTeX Font Info:    Overwriting symbol font `largesymbols' in version `bold'
(Font)                  OMX/cmex/m/n --> OMX/ztmcm/m/n on input line 31.
\symbold=\mathgroup6
\symitalic=\mathgroup7
LaTeX Font Info:    Redeclaring math alphabet \mathbf on input line 34.
LaTeX Font Info:    Overwriting math alphabet `\mathbf' in version `normal'
(Font)                  OT1/cmr/bx/n --> OT1/ptm/bx/n on input line 34.
LaTeX Font Info:    Overwriting math alphabet `\mathbf' in version `bold'
(Font)                  OT1/cmr/bx/n --> OT1/ptm/bx/n on input line 34.
LaTeX Font Info:    Redeclaring math alphabet \mathit on input line 35.
LaTeX Font Info:    Overwriting math alphabet `\mathit' in version `normal'
(Font)                  OT1/cmr/m/it --> OT1/ptm/m/it on input line 35.
LaTeX Font Info:    Overwriting math alphabet `\mathit' in version `bold'
(Font)                  OT1/cmr/bx/it --> OT1/ptm/m/it on input line 35.
LaTeX Info: Redefining \hbar on input line 50.
)
(/usr/local/texlive/2017/texmf-dist/tex/latex/psnfss/helvet.sty
Package: helvet 2005/04/12 PSNFSS-v9.2a (WaS) 
)
(/usr/local/texlive/2017/texmf-dist/tex/latex/base/fontenc.sty
Package: fontenc 2017/04/05 v2.0i Standard LaTeX package

(/usr/local/texlive/2017/texmf-dist/tex/latex/base/t1enc.def
File: t1enc.def 2017/04/05 v2.0i Standard LaTeX file
LaTeX Font Info:    Redeclaring font encoding T1 on input line 48.
))
(/usr/local/texlive/2017/texmf-dist/tex/latex/base/textcomp.sty
Package: textcomp 2017/04/05 v2.0i Standard LaTeX package
Package textcomp Info: Sub-encoding information:
(textcomp)               5 = only ISO-Adobe without \textcurrency
(textcomp)               4 = 5 + \texteuro
(textcomp)               3 = 4 + \textohm
(textcomp)               2 = 3 + \textestimated + \textcurrency
(textcomp)               1 = TS1 - \textcircled - \t
(textcomp)               0 = TS1 (full)
(textcomp)             Font families with sub-encoding setting implement
(textcomp)             only a restricted character set as indicated.
(textcomp)             Family '?' is the default used for unknown fonts.
(textcomp)             See the documentation for details.
Package textcomp Info: Setting ? sub-encoding to TS1/1 on input line 79.

(/usr/local/texlive/2017/texmf-dist/tex/latex/base/ts1enc.def
File: ts1enc.def 2001/06/05 v3.0e (jk/car/fm) Standard LaTeX file
Now handling font encoding TS1 ...
... processing UTF-8 mapping file for font encoding TS1

(/usr/local/texlive/2017/texmf-dist/tex/latex/base/ts1enc.dfu
File: ts1enc.dfu 2017/01/28 v1.1t UTF-8 support for inputenc
   defining Unicode char U+00A2 (decimal 162)
   defining Unicode char U+00A3 (decimal 163)
   defining Unicode char U+00A4 (decimal 164)
   defining Unicode char U+00A5 (decimal 165)
   defining Unicode char U+00A6 (decimal 166)
   defining Unicode char U+00A7 (decimal 167)
   defining Unicode char U+00A8 (decimal 168)
   defining Unicode char U+00A9 (decimal 169)
   defining Unicode char U+00AA (decimal 170)
   defining Unicode char U+00AC (decimal 172)
   defining Unicode char U+00AE (decimal 174)
   defining Unicode char U+00AF (decimal 175)
   defining Unicode char U+00B0 (decimal 176)
   defining Unicode char U+00B1 (decimal 177)
   defining Unicode char U+00B2 (decimal 178)
   defining Unicode char U+00B3 (decimal 179)
   defining Unicode char U+00B4 (decimal 180)
   defining Unicode char U+00B5 (decimal 181)
   defining Unicode char U+00B6 (decimal 182)
   defining Unicode char U+00B7 (decimal 183)
   defining Unicode char U+00B9 (decimal 185)
   defining Unicode char U+00BA (decimal 186)
   defining Unicode char U+00BC (decimal 188)
   defining Unicode char U+00BD (decimal 189)
   defining Unicode char U+00BE (decimal 190)
   defining Unicode char U+00D7 (decimal 215)
   defining Unicode char U+00F7 (decimal 247)
   defining Unicode char U+0192 (decimal 402)
   defining Unicode char U+02C7 (decimal 711)
   defining Unicode char U+02D8 (decimal 728)
   defining Unicode char U+02DD (decimal 733)
   defining Unicode char U+0E3F (decimal 3647)
   defining Unicode char U+2016 (decimal 8214)
   defining Unicode char U+2020 (decimal 8224)
   defining Unicode char U+2021 (decimal 8225)
   defining Unicode char U+2022 (decimal 8226)
   defining Unicode char U+2030 (decimal 8240)
   defining Unicode char U+2031 (decimal 8241)
   defining Unicode char U+203B (decimal 8251)
   defining Unicode char U+203D (decimal 8253)
   defining Unicode char U+2044 (decimal 8260)
   defining Unicode char U+204E (decimal 8270)
   defining Unicode char U+2052 (decimal 8274)
   defining Unicode char U+20A1 (decimal 8353)
   defining Unicode char U+20A4 (decimal 8356)
   defining Unicode char U+20A6 (decimal 8358)
   defining Unicode char U+20A9 (decimal 8361)
   defining Unicode char U+20AB (decimal 8363)
   defining Unicode char U+20AC (decimal 8364)
   defining Unicode char U+20B1 (decimal 8369)
   defining Unicode char U+2103 (decimal 8451)
   defining Unicode char U+2116 (decimal 8470)
   defining Unicode char U+2117 (decimal 8471)
   defining Unicode char U+211E (decimal 8478)
   defining Unicode char U+2120 (decimal 8480)
   defining Unicode char U+2122 (decimal 8482)
   defining Unicode char U+2126 (decimal 8486)
   defining Unicode char U+2127 (decimal 8487)
   defining Unicode char U+212E (decimal 8494)
   defining Unicode char U+2190 (decimal 8592)
   defining Unicode char U+2191 (decimal 8593)
   defining Unicode char U+2192 (decimal 8594)
   defining Unicode char U+2193 (decimal 8595)
   defining Unicode char U+2329 (decimal 9001)
   defining Unicode char U+232A (decimal 9002)
   defining Unicode char U+2422 (decimal 9250)
   defining Unicode char U+25E6 (decimal 9702)
   defining Unicode char U+25EF (decimal 9711)
   defining Unicode char U+266A (decimal 9834)
))
LaTeX Info: Redefining \oldstylenums on input line 334.
Package textcomp Info: Setting cmr sub-encoding to TS1/0 on input line 349.
Package textcomp Info: Setting cmss sub-encoding to TS1/0 on input line 350.
Package textcomp Info: Setting cmtt sub-encoding to TS1/0 on input line 351.
Package textcomp Info: Setting cmvtt sub-encoding to TS1/0 on input line 352.
Package textcomp Info: Setting cmbr sub-encoding to TS1/0 on input line 353.
Package textcomp Info: Setting cmtl sub-encoding to TS1/0 on input line 354.
Package textcomp Info: Setting ccr sub-encoding to TS1/0 on input line 355.
Package textcomp Info: Setting ptm sub-encoding to TS1/4 on input line 356.
Package textcomp Info: Setting pcr sub-encoding to TS1/4 on input line 357.
Package textcomp Info: Setting phv sub-encoding to TS1/4 on input line 358.
Package textcomp Info: Setting ppl sub-encoding to TS1/3 on input line 359.
Package textcomp Info: Setting pag sub-encoding to TS1/4 on input line 360.
Package textcomp Info: Setting pbk sub-encoding to TS1/4 on input line 361.
Package textcomp Info: Setting pnc sub-encoding to TS1/4 on input line 362.
Package textcomp Info: Setting pzc sub-encoding to TS1/4 on input line 363.
Package textcomp Info: Setting bch sub-encoding to TS1/4 on input line 364.
Package textcomp Info: Setting put sub-encoding to TS1/5 on input line 365.
Package textcomp Info: Setting uag sub-encoding to TS1/5 on input line 366.
Package textcomp Info: Setting ugq sub-encoding to TS1/5 on input line 367.
Package textcomp Info: Setting ul8 sub-encoding to TS1/4 on input line 368.
Package textcomp Info: Setting ul9 sub-encoding to TS1/4 on input line 369.
Package textcomp Info: Setting augie sub-encoding to TS1/5 on input line 370.
Package textcomp Info: Setting dayrom sub-encoding to TS1/3 on input line 371.
Package textcomp Info: Setting dayroms sub-encoding to TS1/3 on input line 372.

Package textcomp Info: Setting pxr sub-encoding to TS1/0 on input line 373.
Package textcomp Info: Setting pxss sub-encoding to TS1/0 on input line 374.
Package textcomp Info: Setting pxtt sub-encoding to TS1/0 on input line 375.
Package textcomp Info: Setting txr sub-encoding to TS1/0 on input line 376.
Package textcomp Info: Setting txss sub-encoding to TS1/0 on input line 377.
Package textcomp Info: Setting txtt sub-encoding to TS1/0 on input line 378.
Package textcomp Info: Setting lmr sub-encoding to TS1/0 on input line 379.
Package textcomp Info: Setting lmdh sub-encoding to TS1/0 on input line 380.
Package textcomp Info: Setting lmss sub-encoding to TS1/0 on input line 381.
Package textcomp Info: Setting lmssq sub-encoding to TS1/0 on input line 382.
Package textcomp Info: Setting lmvtt sub-encoding to TS1/0 on input line 383.
Package textcomp Info: Setting lmtt sub-encoding to TS1/0 on input line 384.
Package textcomp Info: Setting qhv sub-encoding to TS1/0 on input line 385.
Package textcomp Info: Setting qag sub-encoding to TS1/0 on input line 386.
Package textcomp Info: Setting qbk sub-encoding to TS1/0 on input line 387.
Package textcomp Info: Setting qcr sub-encoding to TS1/0 on input line 388.
Package textcomp Info: Setting qcs sub-encoding to TS1/0 on input line 389.
Package textcomp Info: Setting qpl sub-encoding to TS1/0 on input line 390.
Package textcomp Info: Setting qtm sub-encoding to TS1/0 on input line 391.
Package textcomp Info: Setting qzc sub-encoding to TS1/0 on input line 392.
Package textcomp Info: Setting qhvc sub-encoding to TS1/0 on input line 393.
Package textcomp Info: Setting futs sub-encoding to TS1/4 on input line 394.
Package textcomp Info: Setting futx sub-encoding to TS1/4 on input line 395.
Package textcomp Info: Setting futj sub-encoding to TS1/4 on input line 396.
Package textcomp Info: Setting hlh sub-encoding to TS1/3 on input line 397.
Package textcomp Info: Setting hls sub-encoding to TS1/3 on input line 398.
Package textcomp Info: Setting hlst sub-encoding to TS1/3 on input line 399.
Package textcomp Info: Setting hlct sub-encoding to TS1/5 on input line 400.
Package textcomp Info: Setting hlx sub-encoding to TS1/5 on input line 401.
Package textcomp Info: Setting hlce sub-encoding to TS1/5 on input line 402.
Package textcomp Info: Setting hlcn sub-encoding to TS1/5 on input line 403.
Package textcomp Info: Setting hlcw sub-encoding to TS1/5 on input line 404.
Package textcomp Info: Setting hlcf sub-encoding to TS1/5 on input line 405.
Package textcomp Info: Setting pplx sub-encoding to TS1/3 on input line 406.
Package textcomp Info: Setting pplj sub-encoding to TS1/3 on input line 407.
Package textcomp Info: Setting ptmx sub-encoding to TS1/4 on input line 408.
Package textcomp Info: Setting ptmj sub-encoding to TS1/4 on input line 409.
)
(/usr/local/texlive/2017/texmf-dist/tex/latex/hyperref/hyperref.sty
Package: hyperref 2017/03/14 v6.85a Hypertext links for LaTeX

(/usr/local/texlive/2017/texmf-dist/tex/generic/oberdiek/hobsub-hyperref.sty
Package: hobsub-hyperref 2016/05/16 v1.14 Bundle oberdiek, subset hyperref (HO)


(/usr/local/texlive/2017/texmf-dist/tex/generic/oberdiek/hobsub-generic.sty
Package: hobsub-generic 2016/05/16 v1.14 Bundle oberdiek, subset generic (HO)
Package: hobsub 2016/05/16 v1.14 Construct package bundles (HO)
Package hobsub Info: Skipping package `infwarerr' (already loaded).
Package hobsub Info: Skipping package `ltxcmds' (already loaded).
Package: ifluatex 2016/05/16 v1.4 Provides the ifluatex switch (HO)
Package ifluatex Info: LuaTeX not detected.
Package hobsub Info: Skipping package `ifvtex' (already loaded).
Package: intcalc 2016/05/16 v1.2 Expandable calculations with integers (HO)
Package hobsub Info: Skipping package `ifpdf' (already loaded).
Package: etexcmds 2016/05/16 v1.6 Avoid name clashes with e-TeX commands (HO)
Package etexcmds Info: Could not find \expanded.
(etexcmds)             That can mean that you are not using pdfTeX 1.50 or
(etexcmds)             that some package has redefined \expanded.
(etexcmds)             In the latter case, load this package earlier.
Package: kvsetkeys 2016/05/16 v1.17 Key value parser (HO)
Package: kvdefinekeys 2016/05/16 v1.4 Define keys (HO)
Package: pdftexcmds 2017/03/19 v0.25 Utility functions of pdfTeX for LuaTeX (HO
)
Package pdftexcmds Info: LuaTeX not detected.
Package pdftexcmds Info: \pdf@primitive is available.
Package pdftexcmds Info: \pdf@ifprimitive is available.
Package pdftexcmds Info: \pdfdraftmode found.
Package: pdfescape 2016/05/16 v1.14 Implements pdfTeX's escape features (HO)
Package: bigintcalc 2016/05/16 v1.4 Expandable calculations on big integers (HO
)
Package: bitset 2016/05/16 v1.2 Handle bit-vector datatype (HO)
Package: uniquecounter 2016/05/16 v1.3 Provide unlimited unique counter (HO)
)
Package hobsub Info: Skipping package `hobsub' (already loaded).
Package: letltxmacro 2016/05/16 v1.5 Let assignment for LaTeX macros (HO)
Package: hopatch 2016/05/16 v1.3 Wrapper for package hooks (HO)
Package: xcolor-patch 2016/05/16 xcolor patch
Package: atveryend 2016/05/16 v1.9 Hooks at the very end of document (HO)
Package atveryend Info: \enddocument detected (standard20110627).
Package: atbegshi 2016/06/09 v1.18 At begin shipout hook (HO)
Package: refcount 2016/05/16 v3.5 Data extraction from label references (HO)
Package: hycolor 2016/05/16 v1.8 Color options for hyperref/bookmark (HO)
)
(/usr/local/texlive/2017/texmf-dist/tex/latex/oberdiek/auxhook.sty
Package: auxhook 2016/05/16 v1.4 Hooks for auxiliary files (HO)
)
(/usr/local/texlive/2017/texmf-dist/tex/latex/oberdiek/kvoptions.sty
Package: kvoptions 2016/05/16 v3.12 Key value format for package options (HO)
)
\@linkdim=\dimen111
\Hy@linkcounter=\count95
\Hy@pagecounter=\count96

(/usr/local/texlive/2017/texmf-dist/tex/latex/hyperref/pd1enc.def
File: pd1enc.def 2017/03/14 v6.85a Hyperref: PDFDocEncoding definition (HO)
Now handling font encoding PD1 ...
... no UTF-8 mapping file for font encoding PD1
)
\Hy@SavedSpaceFactor=\count97

(/usr/local/texlive/2017/texmf-dist/tex/latex/latexconfig/hyperref.cfg
File: hyperref.cfg 2002/06/06 v1.2 hyperref configuration of TeXLive
)

Package hyperref Warning: Unexpected value for option `pdftex'
(hyperref)                is ignored on input line 4374.

Package hyperref Info: Option `bookmarks' set `true' on input line 4374.

Package hyperref Warning: Option `a4paper' is no longer used.

Package hyperref Info: Option `colorlinks' set `true' on input line 4374.
Package hyperref Info: Option `breaklinks' set `true' on input line 4374.
Package hyperref Info: Hyper figures OFF on input line 4498.
Package hyperref Info: Link nesting OFF on input line 4503.
Package hyperref Info: Hyper index ON on input line 4506.
Package hyperref Info: Plain pages OFF on input line 4513.
Package hyperref Info: Backreferencing ON on input line 4516.
Package hyperref Info: Implicit mode ON; LaTeX internals redefined.
Package hyperref Info: Bookmarks ON on input line 4751.
(/usr/local/texlive/2017/texmf-dist/tex/latex/hyperref/backref.sty
Package: backref 2016/05/21 v1.39 Bibliographical back referencing

(/usr/local/texlive/2017/texmf-dist/tex/latex/oberdiek/rerunfilecheck.sty
Package: rerunfilecheck 2016/05/16 v1.8 Rerun checks for auxiliary files (HO)
Package uniquecounter Info: New unique counter `rerunfilecheck' on input line 2
82.
))
\c@Hy@tempcnt=\count98

(/usr/local/texlive/2017/texmf-dist/tex/latex/url/url.sty
\Urlmuskip=\muskip10
Package: url 2013/09/16  ver 3.4  Verb mode for urls, etc.
)
LaTeX Info: Redefining \url on input line 5104.
\XeTeXLinkMargin=\dimen112
\Fld@menulength=\count99
\Field@Width=\dimen113
\Fld@charsize=\dimen114
Package hyperref Info: Hyper figures OFF on input line 6358.
Package hyperref Info: Link nesting OFF on input line 6363.
Package hyperref Info: Hyper index ON on input line 6366.
Package hyperref Info: backreferencing ON on input line 6371.
Package hyperref Info: Link coloring ON on input line 6376.
Package hyperref Info: Link coloring with OCG OFF on input line 6383.
Package hyperref Info: PDF/A mode OFF on input line 6388.
LaTeX Info: Redefining \ref on input line 6428.
LaTeX Info: Redefining \pageref on input line 6432.
\Hy@abspage=\count100
\c@Item=\count101
\c@Hfootnote=\count102
)

Package hyperref Message: Driver: hpdftex.

(/usr/local/texlive/2017/texmf-dist/tex/latex/hyperref/hpdftex.def
File: hpdftex.def 2017/03/14 v6.85a Hyperref driver for pdfTeX
\Fld@listcount=\count103
\c@bookmark@seq@number=\count104
\Hy@SectionHShift=\skip43
)
\pagenrlog=\write5
\openout5 = `AssociationSchemes.pnr'.


(/usr/local/texlive/2017/texmf-dist/tex/latex/enumitem/enumitem.sty
Package: enumitem 2011/09/28 v3.5.2 Customized lists
\labelindent=\skip44
\enit@outerparindent=\dimen115
\enit@toks=\toks19
\enit@inbox=\box27
\enitdp@description=\count105
)
(./AssociationSchemes.aux)
\openout1 = `AssociationSchemes.aux'.

LaTeX Font Info:    Checking defaults for OML/cmm/m/it on input line 87.
LaTeX Font Info:    ... okay on input line 87.
LaTeX Font Info:    Checking defaults for T1/cmr/m/n on input line 87.
LaTeX Font Info:    ... okay on input line 87.
LaTeX Font Info:    Checking defaults for OT1/cmr/m/n on input line 87.
LaTeX Font Info:    ... okay on input line 87.
LaTeX Font Info:    Checking defaults for OMS/cmsy/m/n on input line 87.
LaTeX Font Info:    ... okay on input line 87.
LaTeX Font Info:    Checking defaults for OMX/cmex/m/n on input line 87.
LaTeX Font Info:    ... okay on input line 87.
LaTeX Font Info:    Checking defaults for U/cmr/m/n on input line 87.
LaTeX Font Info:    ... okay on input line 87.
LaTeX Font Info:    Checking defaults for TS1/cmr/m/n on input line 87.
LaTeX Font Info:    Try loading font information for TS1+cmr on input line 87.

(/usr/local/texlive/2017/texmf-dist/tex/latex/base/ts1cmr.fd
File: ts1cmr.fd 2014/09/29 v2.5h Standard LaTeX font definitions
)
LaTeX Font Info:    ... okay on input line 87.
LaTeX Font Info:    Checking defaults for PD1/pdf/m/n on input line 87.
LaTeX Font Info:    ... okay on input line 87.
LaTeX Font Info:    Try loading font information for T1+ptm on input line 87.

(/usr/local/texlive/2017/texmf-dist/tex/latex/psnfss/t1ptm.fd
File: t1ptm.fd 2001/06/04 font definitions for T1/ptm.
)
*geometry* driver: auto-detecting
*geometry* detected driver: pdftex
*geometry* verbose mode - [ preamble ] result:
* driver: pdftex
* paper: a4paper
* layout: <same size as paper>
* layoutoffset:(h,v)=(0.0pt,0.0pt)
* modes: 
* h-part:(L,W,R)=(76.82243pt, 443.863pt, 76.82243pt)
* v-part:(T,H,B)=(105.27519pt, 634.49646pt, 105.27519pt)
* \paperwidth=597.50787pt
* \paperheight=845.04684pt
* \textwidth=443.863pt
* \textheight=634.49646pt
* \oddsidemargin=4.55244pt
* \evensidemargin=4.55244pt
* \topmargin=-3.9948pt
* \headheight=12.0pt
* \headsep=25.0pt
* \topskip=11.0pt
* \footskip=30.0pt
* \marginparwidth=50.0pt
* \marginparsep=10.0pt
* \columnsep=10.0pt
* \skip\footins=10.0pt plus 4.0pt minus 2.0pt
* \hoffset=0.0pt
* \voffset=0.0pt
* \mag=1000
* \@twocolumnfalse
* \@twosidefalse
* \@mparswitchfalse
* \@reversemarginfalse
* (1in=72.27pt=25.4mm, 1cm=28.453pt)

(/usr/local/texlive/2017/texmf-dist/tex/context/base/mkii/supp-pdf.mkii
[Loading MPS to PDF converter (version 2006.09.02).]
\scratchcounter=\count106
\scratchdimen=\dimen116
\scratchbox=\box28
\nofMPsegments=\count107
\nofMParguments=\count108
\everyMPshowfont=\toks20
\MPscratchCnt=\count109
\MPscratchDim=\dimen117
\MPnumerator=\count110
\makeMPintoPDFobject=\count111
\everyMPtoPDFconversion=\toks21
)
\big@size=\dimen118
\AtBeginShipoutBox=\box29
Package hyperref Info: Link coloring ON on input line 87.
 (/usr/local/texlive/2017/texmf-dist/tex/latex/hyperref/nameref.sty
Package: nameref 2016/05/21 v2.44 Cross-referencing by name of section

(/usr/local/texlive/2017/texmf-dist/tex/generic/oberdiek/gettitlestring.sty
Package: gettitlestring 2016/05/16 v1.5 Cleanup title references (HO)
)
\c@section@level=\count112
)
LaTeX Info: Redefining \ref on input line 87.
LaTeX Info: Redefining \pageref on input line 87.
LaTeX Info: Redefining \nameref on input line 87.

(./AssociationSchemes.out) (./AssociationSchemes.out)
\@outlinefile=\write6
\openout6 = `AssociationSchemes.out'.

LaTeX Font Info:    Font shape `T1/ptm/bx/n' in size <50> not available
(Font)              Font shape `T1/ptm/b/n' tried instead on input line 93.
LaTeX Font Info:    Font shape `T1/ptm/bx/n' in size <24.88> not available
(Font)              Font shape `T1/ptm/b/n' tried instead on input line 99.
LaTeX Font Info:    Try loading font information for T1+phv on input line 99.

(/usr/local/texlive/2017/texmf-dist/tex/latex/psnfss/t1phv.fd
File: t1phv.fd 2001/06/04 scalable font definitions for T1/phv.
)
LaTeX Font Info:    Font shape `T1/phv/bx/n' in size <24.88> not available
(Font)              Font shape `T1/phv/b/n' tried instead on input line 99.
LaTeX Font Info:    Font shape `T1/ptm/bx/n' in size <14.4> not available
(Font)              Font shape `T1/ptm/b/n' tried instead on input line 106.


Package hyperref Warning: Token not allowed in a PDF string (PDFDocEncoding):
(hyperref)                removing `\\' on input line 114.


Package hyperref Warning: Token not allowed in a PDF string (PDFDocEncoding):
(hyperref)                removing `\\' on input line 114.


Package hyperref Warning: Token not allowed in a PDF string (PDFDocEncoding):
(hyperref)                removing `\\' on input line 114.

LaTeX Font Info:    Font shape `T1/ptm/bx/n' in size <10> not available
(Font)              Font shape `T1/ptm/b/n' tried instead on input line 120.
LaTeX Font Info:    Try loading font information for T1+cmtt on input line 120.

(/usr/local/texlive/2017/texmf-dist/tex/latex/base/t1cmtt.fd
File: t1cmtt.fd 2014/09/29 v2.5h Standard LaTeX font definitions
)
Underfull \hbox (badness 10000) in paragraph at lines 122--129

 []


Underfull \hbox (badness 10000) in paragraph at lines 135--140

 []


Underfull \hbox (badness 10000) in paragraph at lines 146--153

 []


Underfull \hbox (badness 10000) in paragraph at lines 117--155

 []

[1

{/usr/local/texlive/2017/texmf-var/fonts/map/pdftex/updmap/pdftex.map}]
[2]
Underfull \hbox (badness 10000) in paragraph at lines 161--164

 []

LaTeX Font Info:    Try loading font information for TS1+ptm on input line 166.

(/usr/local/texlive/2017/texmf-dist/tex/latex/psnfss/ts1ptm.fd
File: ts1ptm.fd 2001/06/04 font definitions for TS1/ptm.
)
Underfull \hbox (badness 10000) in paragraph at lines 181--185

 []


Underfull \hbox (badness 10000) in paragraph at lines 187--192

 []

pdfTeX warning (ext4): destination with the same identifier (name{page.2}) has 
been already used, duplicate ignored
<to be read again> 
                   \relax 
l.192 \newpage
               [2] (./AssociationSchemes.toc
LaTeX Font Info:    Font shape `T1/ptm/bx/n' in size <10.95> not available
(Font)              Font shape `T1/ptm/b/n' tried instead on input line 1.
LaTeX Font Info:    Try loading font information for OT1+ztmcm on input line 2.


(/usr/local/texlive/2017/texmf-dist/tex/latex/psnfss/ot1ztmcm.fd
File: ot1ztmcm.fd 2000/01/03 Fontinst v1.801 font definitions for OT1/ztmcm.
)
LaTeX Font Info:    Try loading font information for OML+ztmcm on input line 2.


(/usr/local/texlive/2017/texmf-dist/tex/latex/psnfss/omlztmcm.fd
File: omlztmcm.fd 2000/01/03 Fontinst v1.801 font definitions for OML/ztmcm.
)
LaTeX Font Info:    Try loading font information for OMS+ztmcm on input line 2.


(/usr/local/texlive/2017/texmf-dist/tex/latex/psnfss/omsztmcm.fd
File: omsztmcm.fd 2000/01/03 Fontinst v1.801 font definitions for OMS/ztmcm.
)
LaTeX Font Info:    Try loading font information for OMX+ztmcm on input line 2.


(/usr/local/texlive/2017/texmf-dist/tex/latex/psnfss/omxztmcm.fd
File: omxztmcm.fd 2000/01/03 Fontinst v1.801 font definitions for OMX/ztmcm.
)
LaTeX Font Info:    Try loading font information for OT1+ptm on input line 2.

(/usr/local/texlive/2017/texmf-dist/tex/latex/psnfss/ot1ptm.fd
File: ot1ptm.fd 2001/06/04 font definitions for OT1/ptm.
)
LaTeX Font Info:    Font shape `OT1/ptm/bx/n' in size <10.95> not available
(Font)              Font shape `OT1/ptm/b/n' tried instead on input line 2.
LaTeX Font Info:    Font shape `OT1/ptm/bx/n' in size <8> not available
(Font)              Font shape `OT1/ptm/b/n' tried instead on input line 2.
LaTeX Font Info:    Font shape `OT1/ptm/bx/n' in size <6> not available
(Font)              Font shape `OT1/ptm/b/n' tried instead on input line 2.
 [3

])
\tf@toc=\write7
\openout7 = `AssociationSchemes.toc'.

 [4]
Chapter 1.
LaTeX Font Info:    Font shape `T1/ptm/bx/n' in size <20.74> not available
(Font)              Font shape `T1/ptm/b/n' tried instead on input line 200.
[5

] [6]
Chapter 2.
LaTeX Font Info:    Font shape `T1/cmtt/bx/n' in size <10> not available
(Font)              Font shape `T1/cmtt/m/n' tried instead on input line 333.
[7

] [8] [9] [10]
Chapter 3.
LaTeX Font Info:    Font shape `T1/ptm/bx/n' in size <12> not available
(Font)              Font shape `T1/ptm/b/n' tried instead on input line 508.
[11

] [12]
Underfull \hbox (badness 4792) in paragraph at lines 789--789
[][]\T1/ptm/b/n/12 IntersectionAlgebraOfHomogeneousCoherentConfiguration (for I
sHomo-ge-
 []

[13]
Underfull \hbox (badness 3735) in paragraph at lines 865--865
[][]\T1/ptm/b/n/12 KreinParameter (for IsHomo-ge-neous-Co-her-ent-Con-fig-u-ra-
tion, IsInt, IsInt,
 []

[14]
Underfull \hbox (badness 10000) in paragraph at lines 922--922
[][]\T1/ptm/b/n/12 ReadHomogeneousCoherentConfigurationWithCertainAttributes (f
or Is-
 []

[15]
Underfull \hbox (badness 7362) in paragraph at lines 1001--1001
[][]\T1/ptm/b/n/12 ViewRelationDistributionDiagram (for IsHomo-ge-neous-Co-her-
ent-Con-fig-u-ra-
 []

[16]
Underfull \hbox (badness 1484) in paragraph at lines 1199--1199
[][]\T1/ptm/b/n/12 DirectProductOfHomogeneousCoherentConfigurations (for IsHomo
-ge-neous-
 []

[17]
Underfull \hbox (badness 1596) in paragraph at lines 1231--1231
[][]\T1/ptm/b/n/12 BipartiteDoubleOfAssociationScheme (for IsHomo-ge-neous-Co-h
er-ent-Con-fig-u-
 []

[18] [19]
Underfull \hbox (badness 4316) in paragraph at lines 1465--1465
[][]\T1/ptm/b/n/12 ImageOfHomogeneousCoherentConfiguration (for IsHomo-ge-neous
-Co-her-ent-
 []


Underfull \hbox (badness 1430) in paragraph at lines 1495--1495
[][]\T1/ptm/b/n/12 AreIsomorphicHomogeneousCoherentConfigurations (for IsHomo-g
e-neous-Co-
 []

[20]
Underfull \hbox (badness 3724) in paragraph at lines 1528--1528
[][]\T1/ptm/b/n/12 CanonicalFormOfHomogeneousCoherentConfiguration (for IsHomo-
ge-neous-
 []


Underfull \hbox (badness 2103) in paragraph at lines 1629--1629
[][]\T1/ptm/b/n/12 FusionOfHomogeneousCoherentConfiguration (for IsHomo-ge-neou
s-Co-her-ent-
 []

[21]
Underfull \hbox (badness 2903) in paragraph at lines 1693--1693
[][]\T1/ptm/b/n/12 SymmetrisationOfHomogeneousCoherentConfiguration (for IsHomo
-ge-neous-
 []

[22]
Underfull \hbox (badness 10000) in paragraph at lines 1734--1739
[]$\OML/ztmcm/m/it/10.95 .$\T1/cmtt/m/n/10.95 FeasibleNonTrivialFusionsOfHomgen
eousCoherentConfiguration(\T1/cmtt/m/sl/10.95 CC[, k[, flag]]\T1/cmtt/m/n/10.95
 )[]
 []


Underfull \hbox (badness 10000) in paragraph at lines 1751--1751
[][]\T1/ptm/b/n/12 AllNonTrivialFusionsOfHomgeneousCoherentConfiguration (for I
sHomo-ge-
 []


Underfull \hbox (badness 10000) in paragraph at lines 1789--1789
[][]\T1/ptm/b/n/12 FeasibleNonTrivialSymmetricFusionsOfHomgeneousCoherentConfig
uration
 []


Underfull \hbox (badness 10000) in paragraph at lines 1809--1809
[][]\T1/ptm/b/n/12 AllNonTrivialSymmetricFusionsOfHomgeneousCoherentConfigurati
on (for
 []

[23]
Underfull \hbox (badness 2903) in paragraph at lines 1829--1829
[][]\T1/ptm/b/n/12 AllSymmetricFusionsOfHomgeneousCoherentConfiguration (for Is
Homo-ge-
 []


Underfull \hbox (badness 10000) in paragraph at lines 1848--1848
[][]\T1/ptm/b/n/12 IsomorphismToFusionScheme (for IsHomo-ge-neous-Co-her-ent-Co
n-fig-u-ra-tion,
 []


Underfull \hbox (badness 10000) in paragraph at lines 1863--1863
[][]\T1/ptm/b/n/12 IsIsomorphicToFusionScheme (for IsHomo-ge-neous-Co-her-ent-C
on-fig-u-ra-tion,
 []


Underfull \hbox (badness 2277) in paragraph at lines 1885--1885
[][]\T1/ptm/b/n/12 MapFromAdjacencyMatricesToMinimalIdempotents (for IsHomo-ge-
neous-Co-
 []


Underfull \hbox (badness 10000) in paragraph at lines 1902--1902
[][]\T1/ptm/b/n/12 MapFromAdjacencyMatricesToMinimalIdempotentsOverRationals (f
or
 []

[24]
Underfull \hbox (badness 7504) in paragraph at lines 1934--1934
[][]\T1/ptm/b/n/12 MinimalIdempotentsOverRationals (for IsHomo-ge-neous-Co-her-
ent-Con-fig-u-ra-
 []


Underfull \hbox (badness 3271) in paragraph at lines 1995--1995
[][]\T1/ptm/b/n/12 CharacterTableOfHomogeneousCoherentConfiguration (for IsHomo
-ge-neous-
 []

[25] [26] [27]
Underfull \hbox (badness 5175) in paragraph at lines 2281--2281
[][]\T1/ptm/b/n/12 StronglyRegularGraphParameters (for IsHomo-ge-neous-Co-her-e
nt-Con-fig-u-ra-
 []

[28] [29] [30] [31]
Underfull \hbox (badness 1521) in paragraph at lines 2704--2704
[][]\T1/ptm/b/n/12 ApproximateRealMinimalIdempotent (for IsHomo-ge-neous-Co-her
-ent-Con-fig-u-
 []

[32] [33]
Chapter 4.
pdfTeX warning (ext4): destination with the same identifier (name{L.X851AE2B983
82B550}) has been already used, duplicate ignored
<to be read again> 
                   \relax 
l.2832 \hyperdef{L}{X851AE2B98382B550}{}
                                         [34

] [35]pdfTeX warning (ext4): destination with the same identifier (name{L.X820C
D05F85142F0A}) has been already used, duplicate ignored
<to be read again> 
                   \relax 
l.3143 \hyperdef{L}{X820CD05F85142F0A}{}
                                         [36] [37]
Underfull \hbox (badness 1874) in paragraph at lines 3290--3290
[][]\T1/ptm/b/n/12 MapFromIntersectionMatricesToCentralIdempotents (for IsIn-te
r-sec-tion-Al-ge-
 []


Underfull \hbox (badness 1242) in paragraph at lines 3307--3307
[][]\T1/ptm/b/n/12 MapFromIntersectionMatricesToCentralIdempotentsOverRationals
 (for IsIn-
 []

[38]pdfTeX warning (ext4): destination with the same identifier (name{L.X791CDD
977B9FD97A}) has been already used, duplicate ignored
<to be read again> 
                   \relax 
l.3421 \hyperdef{L}{X791CDD977B9FD97A}{}
                                         [39]
Underfull \hbox (badness 10000) in paragraph at lines 3524--3524
[][]\T1/ptm/b/n/12 FeasibleNonTrivialFusionsOfIntersectionAlgebra (for IsIn-ter
-sec-tion-Al-ge-
 []

[40]
Underfull \hbox (badness 5288) in paragraph at lines 3582--3582
[][]\T1/ptm/b/n/12 FeasibleNonTrivialSymmetricFusionsOfIntersectionAlgebra (for
 IsIn-ter-sec-
 []


Underfull \hbox (badness 1048) in paragraph at lines 3602--3602
[][]\T1/ptm/b/n/12 AllNonTrivialSymmetricFusionsOfIntersectionAlgebra (for IsIn
-ter-sec-tion-Al-
 []

[41]pdfTeX warning (ext4): destination with the same identifier (name{L.X7EEAC6
9486AF989B}) has been already used, duplicate ignored
<to be read again> 
                   \relax 
l.3729 \hyperdef{L}{X7EEAC69486AF989B}{}
                                         [42]pdfTeX warning (ext4): destination
 with the same identifier (name{L.X81F482747C1E7A48}) has been already used, du
plicate ignored
<to be read again> 
                   \relax 
l.3904 \hyperdef{L}{X81F482747C1E7A48}{}
                                         [43] [44]
Chapter 5.
[45

] [46] [47] [48]
Underfull \hbox (badness 10000) in paragraph at lines 4310--4315

 []

[49] [50] [51]
Chapter 6.
LaTeX Font Info:    Font shape `T1/phv/bx/n' in size <14.4> not available
(Font)              Font shape `T1/phv/b/n' tried instead on input line 4428.
(./AssociationSchemes.bbl (./AssociationSchemes.brf)
\tf@brf=\write8
\openout8 = `AssociationSchemes.brf'.

 [52

]) [53

]
(./AssociationSchemes.ind
Underfull \hbox (badness 6316) in paragraph at lines 4--5
[]| \T1/ptm/m/n/10.95 for IsHomo-ge-neous-Co-her-ent-Con-fig-u-ra-tion,
 []


Underfull \hbox (badness 6316) in paragraph at lines 6--7
[]| \T1/ptm/m/n/10.95 for IsHomo-ge-neous-Co-her-ent-Con-fig-u-ra-tion,
 []


Underfull \hbox (badness 6316) in paragraph at lines 8--9
[]| \T1/ptm/m/n/10.95 for IsHomo-ge-neous-Co-her-ent-Con-fig-u-ra-tion,
 []


Underfull \hbox (badness 6316) in paragraph at lines 11--12
[]| \T1/ptm/m/n/10.95 for IsHomo-ge-neous-Co-her-ent-Con-fig-u-ra-tion,
 []


Underfull \hbox (badness 6316) in paragraph at lines 14--15
[]| \T1/ptm/m/n/10.95 for IsHomo-ge-neous-Co-her-ent-Con-fig-u-ra-tion,
 []


Underfull \hbox (badness 6316) in paragraph at lines 17--18
[]| \T1/ptm/m/n/10.95 for IsHomo-ge-neous-Co-her-ent-Con-fig-u-ra-tion,
 []


Underfull \hbox (badness 6316) in paragraph at lines 20--21
[]| \T1/ptm/m/n/10.95 for IsHomo-ge-neous-Co-her-ent-Con-fig-u-ra-tion,
 []


Underfull \hbox (badness 10000) in paragraph at lines 22--23
[]\T1/cmtt/m/n/10.95 All\T1/ptm/m/n/10.95 -\T1/cmtt/m/n/10.95 Fusions\T1/ptm/m/
n/10.95 -\T1/cmtt/m/n/10.95 Of\T1/ptm/m/n/10.95 -\T1/cmtt/m/n/10.95 Homgeneous\
T1/ptm/m/n/10.95 -\T1/cmtt/m/n/10.95 Coherent\T1/ptm/m/n/10.95 -
 []


Underfull \hbox (badness 6316) in paragraph at lines 23--24
[]| \T1/ptm/m/n/10.95 for IsHomo-ge-neous-Co-her-ent-Con-fig-u-ra-tion,
 []


Underfull \hbox (badness 6316) in paragraph at lines 29--30
[]| \T1/ptm/m/n/10.95 for IsHomo-ge-neous-Co-her-ent-Con-fig-u-ra-tion,
 []


Underfull \hbox (badness 10000) in paragraph at lines 31--32
[]\T1/cmtt/m/n/10.95 All\T1/ptm/m/n/10.95 -\T1/cmtt/m/n/10.95 Non\T1/ptm/m/n/10
.95 -\T1/cmtt/m/n/10.95 Trivial\T1/ptm/m/n/10.95 -\T1/cmtt/m/n/10.95 Fusions\T1
/ptm/m/n/10.95 -\T1/cmtt/m/n/10.95 Of\T1/ptm/m/n/10.95 -\T1/cmtt/m/n/10.95 Homg
eneous\T1/ptm/m/n/10.95 -
 []


Underfull \hbox (badness 6316) in paragraph at lines 32--33
[]| \T1/ptm/m/n/10.95 for IsHomo-ge-neous-Co-her-ent-Con-fig-u-ra-tion,
 []


Underfull \hbox (badness 10000) in paragraph at lines 33--34
[]\T1/cmtt/m/n/10.95 All\T1/ptm/m/n/10.95 -\T1/cmtt/m/n/10.95 Non\T1/ptm/m/n/10
.95 -\T1/cmtt/m/n/10.95 Trivial\T1/ptm/m/n/10.95 -\T1/cmtt/m/n/10.95 Fusions\T1
/ptm/m/n/10.95 -\T1/cmtt/m/n/10.95 Of\T1/ptm/m/n/10.95 -\T1/cmtt/m/n/10.95 Inte
rsection\T1/ptm/m/n/10.95 -
 []


Underfull \hbox (badness 10000) in paragraph at lines 35--36
[]\T1/cmtt/m/n/10.95 All\T1/ptm/m/n/10.95 -\T1/cmtt/m/n/10.95 Non\T1/ptm/m/n/10
.95 -\T1/cmtt/m/n/10.95 Trivial\T1/ptm/m/n/10.95 -\T1/cmtt/m/n/10.95 Symmetric\
T1/ptm/m/n/10.95 -\T1/cmtt/m/n/10.95 Fusions\T1/ptm/m/n/10.95 -\T1/cmtt/m/n/10.
95 Of\T1/ptm/m/n/10.95 -
 []


Underfull \hbox (badness 6316) in paragraph at lines 36--37
[]| \T1/ptm/m/n/10.95 for IsHomo-ge-neous-Co-her-ent-Con-fig-u-ra-tion,
 []


Underfull \hbox (badness 10000) in paragraph at lines 37--38
[]\T1/cmtt/m/n/10.95 All\T1/ptm/m/n/10.95 -\T1/cmtt/m/n/10.95 Non\T1/ptm/m/n/10
.95 -\T1/cmtt/m/n/10.95 Trivial\T1/ptm/m/n/10.95 -\T1/cmtt/m/n/10.95 Symmetric\
T1/ptm/m/n/10.95 -\T1/cmtt/m/n/10.95 Fusions\T1/ptm/m/n/10.95 -\T1/cmtt/m/n/10.
95 Of\T1/ptm/m/n/10.95 -
 []


Underfull \hbox (badness 6316) in paragraph at lines 40--41
[]| \T1/ptm/m/n/10.95 for IsHomo-ge-neous-Co-her-ent-Con-fig-u-ra-tion,
 []


Underfull \hbox (badness 6316) in paragraph at lines 43--44
[]| \T1/ptm/m/n/10.95 for IsHomo-ge-neous-Co-her-ent-Con-fig-u-ra-tion,
 []


Underfull \hbox (badness 10000) in paragraph at lines 45--46
[]\T1/cmtt/m/n/10.95 All\T1/ptm/m/n/10.95 -\T1/cmtt/m/n/10.95 Symmetric\T1/ptm/
m/n/10.95 -\T1/cmtt/m/n/10.95 Fusions\T1/ptm/m/n/10.95 -\T1/cmtt/m/n/10.95 Of\T
1/ptm/m/n/10.95 -\T1/cmtt/m/n/10.95 Homgeneous\T1/ptm/m/n/10.95 -
 []


Underfull \hbox (badness 6316) in paragraph at lines 46--47
[]| \T1/ptm/m/n/10.95 for IsHomo-ge-neous-Co-her-ent-Con-fig-u-ra-tion,
 []


Underfull \hbox (badness 10000) in paragraph at lines 47--48
[]\T1/cmtt/m/n/10.95 All\T1/ptm/m/n/10.95 -\T1/cmtt/m/n/10.95 Symmetric\T1/ptm/
m/n/10.95 -\T1/cmtt/m/n/10.95 Fusions\T1/ptm/m/n/10.95 -\T1/cmtt/m/n/10.95 Of\T
1/ptm/m/n/10.95 -\T1/cmtt/m/n/10.95 Intersection\T1/ptm/m/n/10.95 -
 []


Underfull \hbox (badness 6316) in paragraph at lines 50--51
[]| \T1/ptm/m/n/10.95 for IsHomo-ge-neous-Co-her-ent-Con-fig-u-ra-tion,
 []


Underfull \hbox (badness 6316) in paragraph at lines 52--54
[]| \T1/ptm/m/n/10.95 for IsHomo-ge-neous-Co-her-ent-Con-fig-u-ra-tion,
 []


Underfull \hbox (badness 6316) in paragraph at lines 55--56
[]| \T1/ptm/m/n/10.95 for IsHomo-ge-neous-Co-her-ent-Con-fig-u-ra-tion,
 []

[54


]
Underfull \hbox (badness 6316) in paragraph at lines 57--59
[]| \T1/ptm/m/n/10.95 for IsHomo-ge-neous-Co-her-ent-Con-fig-u-ra-tion,
 []


Underfull \hbox (badness 10000) in paragraph at lines 59--60
[]\T1/cmtt/m/n/10.95 Are\T1/ptm/m/n/10.95 -\T1/cmtt/m/n/10.95 Isomorphic\T1/ptm
/m/n/10.95 -\T1/cmtt/m/n/10.95 Homogeneous\T1/ptm/m/n/10.95 -\T1/cmtt/m/n/10.95
 Coherent\T1/ptm/m/n/10.95 -
 []


Underfull \hbox (badness 6316) in paragraph at lines 60--62
[]| \T1/ptm/m/n/10.95 for IsHomo-ge-neous-Co-her-ent-Con-fig-u-ra-tion,
 []


Underfull \hbox (badness 10000) in paragraph at lines 60--62
\T1/ptm/m/n/10.95 IsHomo-ge-neous-Co-her-ent-Con-fig-u-ra-tion,
 []


Underfull \hbox (badness 6316) in paragraph at lines 70--71
[]| \T1/ptm/m/n/10.95 for IsHomo-ge-neous-Co-her-ent-Con-fig-u-ra-tion,
 []


Underfull \hbox (badness 10000) in paragraph at lines 72--74
[]\T1/cmtt/m/n/10.95 Available\T1/ptm/m/n/10.95 -\T1/cmtt/m/n/10.95 Homogeneous
\T1/ptm/m/n/10.95 -\T1/cmtt/m/n/10.95 Coherent\T1/ptm/m/n/10.95 -
 []


Underfull \hbox (badness 6316) in paragraph at lines 80--81
[]| \T1/ptm/m/n/10.95 for IsHomo-ge-neous-Co-her-ent-Con-fig-u-ra-tion,
 []


Underfull \hbox (badness 6316) in paragraph at lines 82--83
[]| \T1/ptm/m/n/10.95 for IsHomo-ge-neous-Co-her-ent-Con-fig-u-ra-tion,
 []


Underfull \hbox (badness 10000) in paragraph at lines 86--87
[]\T1/cmtt/m/n/10.95 Canonical\T1/ptm/m/n/10.95 -\T1/cmtt/m/n/10.95 Form\T1/ptm
/m/n/10.95 -\T1/cmtt/m/n/10.95 Of\T1/ptm/m/n/10.95 -\T1/cmtt/m/n/10.95 Homogene
ous\T1/ptm/m/n/10.95 -\T1/cmtt/m/n/10.95 Coherent\T1/ptm/m/n/10.95 -
 []


Underfull \hbox (badness 6316) in paragraph at lines 87--88
[]| \T1/ptm/m/n/10.95 for IsHomo-ge-neous-Co-her-ent-Con-fig-u-ra-tion,
 []


Underfull \hbox (badness 6316) in paragraph at lines 91--92
[]| \T1/ptm/m/n/10.95 for IsHomo-ge-neous-Co-her-ent-Con-fig-u-ra-tion,
 []


Underfull \hbox (badness 10000) in paragraph at lines 93--94
[]\T1/cmtt/m/n/10.95 Central\T1/ptm/m/n/10.95 -\T1/cmtt/m/n/10.95 Idempotents\T
1/ptm/m/n/10.95 -\T1/cmtt/m/n/10.95 Of\T1/ptm/m/n/10.95 -\T1/cmtt/m/n/10.95 Int
ersection\T1/ptm/m/n/10.95 -
 []


Underfull \hbox (badness 10000) in paragraph at lines 95--96
[]\T1/cmtt/m/n/10.95 Central\T1/ptm/m/n/10.95 -\T1/cmtt/m/n/10.95 Idempotents\T
1/ptm/m/n/10.95 -\T1/cmtt/m/n/10.95 Of\T1/ptm/m/n/10.95 -\T1/cmtt/m/n/10.95 Int
ersection\T1/ptm/m/n/10.95 -
 []


Underfull \hbox (badness 10000) in paragraph at lines 100--101
[]\T1/cmtt/m/n/10.95 Character\T1/ptm/m/n/10.95 -\T1/cmtt/m/n/10.95 Table\T1/pt
m/m/n/10.95 -\T1/cmtt/m/n/10.95 Of\T1/ptm/m/n/10.95 -\T1/cmtt/m/n/10.95 Homogen
eous\T1/ptm/m/n/10.95 -\T1/cmtt/m/n/10.95 Coherent\T1/ptm/m/n/10.95 -
 []


Underfull \hbox (badness 6316) in paragraph at lines 101--102
[]| \T1/ptm/m/n/10.95 for IsHomo-ge-neous-Co-her-ent-Con-fig-u-ra-tion,
 []


Underfull \hbox (badness 10000) in paragraph at lines 102--103
[]\T1/cmtt/m/n/10.95 Character\T1/ptm/m/n/10.95 -\T1/cmtt/m/n/10.95 Table\T1/pt
m/m/n/10.95 -\T1/cmtt/m/n/10.95 Of\T1/ptm/m/n/10.95 -\T1/cmtt/m/n/10.95 Schuria
n\T1/ptm/m/n/10.95 -\T1/cmtt/m/n/10.95 Homogeneous\T1/ptm/m/n/10.95 -
 []


Underfull \hbox (badness 6316) in paragraph at lines 103--104
[]| \T1/ptm/m/n/10.95 for IsHomo-ge-neous-Co-her-ent-Con-fig-u-ra-tion,
 []


Underfull \hbox (badness 6316) in paragraph at lines 105--106
[]| \T1/ptm/m/n/10.95 for IsHomo-ge-neous-Co-her-ent-Con-fig-u-ra-tion,
 []


Underfull \hbox (badness 6316) in paragraph at lines 108--109
[]| \T1/ptm/m/n/10.95 for IsHomo-ge-neous-Co-her-ent-Con-fig-u-ra-tion,
 []


Underfull \hbox (badness 6316) in paragraph at lines 110--112
[]| \T1/ptm/m/n/10.95 for IsHomo-ge-neous-Co-her-ent-Con-fig-u-ra-tion,
 []


Underfull \hbox (badness 6316) in paragraph at lines 114--115
[]| \T1/ptm/m/n/10.95 for IsHomo-ge-neous-Co-her-ent-Con-fig-u-ra-tion,
 []


Underfull \hbox (badness 6316) in paragraph at lines 124--126
[]| \T1/ptm/m/n/10.95 for IsHomo-ge-neous-Co-her-ent-Con-fig-u-ra-tion,
 []


Underfull \hbox (badness 6316) in paragraph at lines 127--128
[]| \T1/ptm/m/n/10.95 for IsHomo-ge-neous-Co-her-ent-Con-fig-u-ra-tion,
 []


Underfull \hbox (badness 6316) in paragraph at lines 129--131
[]| \T1/ptm/m/n/10.95 for IsHomo-ge-neous-Co-her-ent-Con-fig-u-ra-tion,
 []


Underfull \hbox (badness 6316) in paragraph at lines 131--133
[]| \T1/ptm/m/n/10.95 for IsHomo-ge-neous-Co-her-ent-Con-fig-u-ra-tion,
 []


Underfull \hbox (badness 10000) in paragraph at lines 133--134
[]\T1/cmtt/m/n/10.95 Direct\T1/ptm/m/n/10.95 -\T1/cmtt/m/n/10.95 Product\T1/ptm
/m/n/10.95 -\T1/cmtt/m/n/10.95 Of\T1/ptm/m/n/10.95 -\T1/cmtt/m/n/10.95 Homogene
ous\T1/ptm/m/n/10.95 -\T1/cmtt/m/n/10.95 Coherent\T1/ptm/m/n/10.95 -
 []


Underfull \hbox (badness 6316) in paragraph at lines 134--136
[]| \T1/ptm/m/n/10.95 for IsHomo-ge-neous-Co-her-ent-Con-fig-u-ra-tion,
 []


Underfull \hbox (badness 10000) in paragraph at lines 134--136
\T1/ptm/m/n/10.95 IsHomo-ge-neous-Co-her-ent-Con-fig-u-ra-tion,
 []

[55]
Underfull \hbox (badness 6316) in paragraph at lines 141--142
[]| \T1/ptm/m/n/10.95 for IsHomo-ge-neous-Co-her-ent-Con-fig-u-ra-tion,
 []


Underfull \hbox (badness 6316) in paragraph at lines 142--144
[]| \T1/ptm/m/n/10.95 for IsHomo-ge-neous-Co-her-ent-Con-fig-u-ra-tion,
 []


Underfull \hbox (badness 6316) in paragraph at lines 145--147
[]| \T1/ptm/m/n/10.95 for IsHomo-ge-neous-Co-her-ent-Con-fig-u-ra-tion,
 []


Underfull \hbox (badness 6316) in paragraph at lines 148--149
[]| \T1/ptm/m/n/10.95 for IsHomo-ge-neous-Co-her-ent-Con-fig-u-ra-tion,
 []


Underfull \hbox (badness 6316) in paragraph at lines 154--155
[]| \T1/ptm/m/n/10.95 for IsHomo-ge-neous-Co-her-ent-Con-fig-u-ra-tion,
 []


Underfull \hbox (badness 10000) in paragraph at lines 158--159
[]\T1/cmtt/m/n/10.95 Feasible\T1/ptm/m/n/10.95 -\T1/cmtt/m/n/10.95 Non\T1/ptm/m
/n/10.95 -\T1/cmtt/m/n/10.95 Trivial\T1/ptm/m/n/10.95 -\T1/cmtt/m/n/10.95 Fusio
ns\T1/ptm/m/n/10.95 -\T1/cmtt/m/n/10.95 Of\T1/ptm/m/n/10.95 -\T1/cmtt/m/n/10.95
 Homgeneous\T1/ptm/m/n/10.95 -
 []


Underfull \hbox (badness 6316) in paragraph at lines 159--160
[]| \T1/ptm/m/n/10.95 for IsHomo-ge-neous-Co-her-ent-Con-fig-u-ra-tion,
 []


Underfull \hbox (badness 10000) in paragraph at lines 160--161
[]\T1/cmtt/m/n/10.95 Feasible\T1/ptm/m/n/10.95 -\T1/cmtt/m/n/10.95 Non\T1/ptm/m
/n/10.95 -\T1/cmtt/m/n/10.95 Trivial\T1/ptm/m/n/10.95 -\T1/cmtt/m/n/10.95 Fusio
ns\T1/ptm/m/n/10.95 -\T1/cmtt/m/n/10.95 Of\T1/ptm/m/n/10.95 -
 []


Underfull \hbox (badness 10000) in paragraph at lines 162--163
[]\T1/cmtt/m/n/10.95 Feasible\T1/ptm/m/n/10.95 -\T1/cmtt/m/n/10.95 Non\T1/ptm/m
/n/10.95 -\T1/cmtt/m/n/10.95 Trivial\T1/ptm/m/n/10.95 -\T1/cmtt/m/n/10.95 Symme
tric\T1/ptm/m/n/10.95 -\T1/cmtt/m/n/10.95 Fusions\T1/ptm/m/n/10.95 -\T1/cmtt/m/
n/10.95 Of\T1/ptm/m/n/10.95 -
 []


Underfull \hbox (badness 6316) in paragraph at lines 163--164
[]| \T1/ptm/m/n/10.95 for IsHomo-ge-neous-Co-her-ent-Con-fig-u-ra-tion,
 []


Underfull \hbox (badness 10000) in paragraph at lines 164--165
[]\T1/cmtt/m/n/10.95 Feasible\T1/ptm/m/n/10.95 -\T1/cmtt/m/n/10.95 Non\T1/ptm/m
/n/10.95 -\T1/cmtt/m/n/10.95 Trivial\T1/ptm/m/n/10.95 -\T1/cmtt/m/n/10.95 Symme
tric\T1/ptm/m/n/10.95 -\T1/cmtt/m/n/10.95 Fusions\T1/ptm/m/n/10.95 -\T1/cmtt/m/
n/10.95 Of\T1/ptm/m/n/10.95 -
 []


Underfull \hbox (badness 6316) in paragraph at lines 167--168
[]| \T1/ptm/m/n/10.95 for IsHomo-ge-neous-Co-her-ent-Con-fig-u-ra-tion,
 []


Underfull \hbox (badness 6316) in paragraph at lines 170--171
[]| \T1/ptm/m/n/10.95 for IsHomo-ge-neous-Co-her-ent-Con-fig-u-ra-tion,
 []


Underfull \hbox (badness 6316) in paragraph at lines 173--175
[]| \T1/ptm/m/n/10.95 for IsHomo-ge-neous-Co-her-ent-Con-fig-u-ra-tion,
 []


Underfull \hbox (badness 2961) in paragraph at lines 175--176
[]| \T1/ptm/m/n/10.95 for IsIn-ter-sec-tion-Al-ge-braOb-ject, Is-Ma-trix,
 []


Underfull \hbox (badness 10000) in paragraph at lines 176--177
[]\T1/cmtt/m/n/10.95 Fusing\T1/ptm/m/n/10.95 -\T1/cmtt/m/n/10.95 Partition\T1/p
tm/m/n/10.95 -\T1/cmtt/m/n/10.95 Of\T1/ptm/m/n/10.95 -\T1/cmtt/m/n/10.95 Homoge
neous\T1/ptm/m/n/10.95 -\T1/cmtt/m/n/10.95 Coherent\T1/ptm/m/n/10.95 -
 []


Underfull \hbox (badness 6316) in paragraph at lines 177--179
[]| \T1/ptm/m/n/10.95 for IsHomo-ge-neous-Co-her-ent-Con-fig-u-ra-tion,
 []


Underfull \hbox (badness 10000) in paragraph at lines 177--179
\T1/ptm/m/n/10.95 IsHomo-ge-neous-Co-her-ent-Con-fig-u-ra-tion,
 []


Underfull \hbox (badness 10000) in paragraph at lines 179--180
[]\T1/cmtt/m/n/10.95 Fusion\T1/ptm/m/n/10.95 -\T1/cmtt/m/n/10.95 Of\T1/ptm/m/n/
10.95 -\T1/cmtt/m/n/10.95 Homogeneous\T1/ptm/m/n/10.95 -\T1/cmtt/m/n/10.95 Cohe
rent\T1/ptm/m/n/10.95 -
 []


Underfull \hbox (badness 6316) in paragraph at lines 180--182
[]| \T1/ptm/m/n/10.95 for IsHomo-ge-neous-Co-her-ent-Con-fig-u-ra-tion,
 []


Underfull \hbox (badness 6316) in paragraph at lines 201--202
[]| \T1/ptm/m/n/10.95 for IsHomo-ge-neous-Co-her-ent-Con-fig-u-ra-tion,
 []


Underfull \hbox (badness 10000) in paragraph at lines 206--207
[]\T1/cmtt/m/n/10.95 Homogeneous\T1/ptm/m/n/10.95 -\T1/cmtt/m/n/10.95 Coherent\
T1/ptm/m/n/10.95 -\T1/cmtt/m/n/10.95 Configuration\T1/ptm/m/n/10.95 -\T1/cmtt/m
/n/10.95 By\T1/ptm/m/n/10.95 -
 []


Underfull \hbox (badness 10000) in paragraph at lines 214--215
[]\T1/cmtt/m/n/10.95 Image\T1/ptm/m/n/10.95 -\T1/cmtt/m/n/10.95 Of\T1/ptm/m/n/1
0.95 -\T1/cmtt/m/n/10.95 Homogeneous\T1/ptm/m/n/10.95 -\T1/cmtt/m/n/10.95 Coher
ent\T1/ptm/m/n/10.95 -
 []


Underfull \hbox (badness 6316) in paragraph at lines 215--217
[]| \T1/ptm/m/n/10.95 for IsHomo-ge-neous-Co-her-ent-Con-fig-u-ra-tion,
 []


Underfull \hbox (badness 6316) in paragraph at lines 220--222
[]| \T1/ptm/m/n/10.95 for IsHomo-ge-neous-Co-her-ent-Con-fig-u-ra-tion,
 []

[56]
Underfull \hbox (badness 10000) in paragraph at lines 224--225
[]\T1/cmtt/m/n/10.95 Intersection\T1/ptm/m/n/10.95 -\T1/cmtt/m/n/10.95 Algebra\
T1/ptm/m/n/10.95 -\T1/cmtt/m/n/10.95 From\T1/ptm/m/n/10.95 -\T1/cmtt/m/n/10.95 
Classical\T1/ptm/m/n/10.95 -
 []


Underfull \hbox (badness 10000) in paragraph at lines 226--227
[]\T1/cmtt/m/n/10.95 Intersection\T1/ptm/m/n/10.95 -\T1/cmtt/m/n/10.95 Algebra\
T1/ptm/m/n/10.95 -\T1/cmtt/m/n/10.95 From\T1/ptm/m/n/10.95 -\T1/cmtt/m/n/10.95 
Intersection\T1/ptm/m/n/10.95 -
 []


Underfull \hbox (badness 10000) in paragraph at lines 228--229
[]\T1/cmtt/m/n/10.95 Intersection\T1/ptm/m/n/10.95 -\T1/cmtt/m/n/10.95 Algebra\
T1/ptm/m/n/10.95 -\T1/cmtt/m/n/10.95 From\T1/ptm/m/n/10.95 -\T1/cmtt/m/n/10.95 
Matrix\T1/ptm/m/n/10.95 -\T1/cmtt/m/n/10.95 Of\T1/ptm/m/n/10.95 -
 []


Underfull \hbox (badness 10000) in paragraph at lines 230--231
[]\T1/cmtt/m/n/10.95 Intersection\T1/ptm/m/n/10.95 -\T1/cmtt/m/n/10.95 Algebra\
T1/ptm/m/n/10.95 -\T1/cmtt/m/n/10.95 From\T1/ptm/m/n/10.95 -\T1/cmtt/m/n/10.95 
Strongly\T1/ptm/m/n/10.95 -
 []


Underfull \hbox (badness 10000) in paragraph at lines 232--233
[]\T1/cmtt/m/n/10.95 Intersection\T1/ptm/m/n/10.95 -\T1/cmtt/m/n/10.95 Algebra\
T1/ptm/m/n/10.95 -\T1/cmtt/m/n/10.95 Of\T1/ptm/m/n/10.95 -\T1/cmtt/m/n/10.95 Ho
mogeneous\T1/ptm/m/n/10.95 -
 []


Underfull \hbox (badness 6316) in paragraph at lines 233--234
[]| \T1/ptm/m/n/10.95 for IsHomo-ge-neous-Co-her-ent-Con-fig-u-ra-tion,
 []


Underfull \hbox (badness 6316) in paragraph at lines 235--236
[]| \T1/ptm/m/n/10.95 for IsHomo-ge-neous-Co-her-ent-Con-fig-u-ra-tion,
 []


Underfull \hbox (badness 6316) in paragraph at lines 238--239
[]| \T1/ptm/m/n/10.95 for IsHomo-ge-neous-Co-her-ent-Con-fig-u-ra-tion,
 []


Underfull \hbox (badness 6316) in paragraph at lines 241--243
[]| \T1/ptm/m/n/10.95 for IsHomo-ge-neous-Co-her-ent-Con-fig-u-ra-tion,
 []


Underfull \hbox (badness 6316) in paragraph at lines 246--247
[]| \T1/ptm/m/n/10.95 for IsHomo-ge-neous-Co-her-ent-Con-fig-u-ra-tion,
 []


Underfull \hbox (badness 6316) in paragraph at lines 248--249
[]| \T1/ptm/m/n/10.95 for IsHomo-ge-neous-Co-her-ent-Con-fig-u-ra-tion,
 []


Underfull \hbox (badness 6316) in paragraph at lines 251--252
[]| \T1/ptm/m/n/10.95 for IsHomo-ge-neous-Co-her-ent-Con-fig-u-ra-tion,
 []


Underfull \hbox (badness 6316) in paragraph at lines 254--256
[]| \T1/ptm/m/n/10.95 for IsHomo-ge-neous-Co-her-ent-Con-fig-u-ra-tion,
 []


Underfull \hbox (badness 10000) in paragraph at lines 256--257
[]\T1/cmtt/m/n/10.95 IsFusion\T1/ptm/m/n/10.95 -\T1/cmtt/m/n/10.95 Of\T1/ptm/m/
n/10.95 -\T1/cmtt/m/n/10.95 Homogeneous\T1/ptm/m/n/10.95 -\T1/cmtt/m/n/10.95 Co
herent\T1/ptm/m/n/10.95 -
 []


Underfull \hbox (badness 6316) in paragraph at lines 257--259
[]| \T1/ptm/m/n/10.95 for IsHomo-ge-neous-Co-her-ent-Con-fig-u-ra-tion,
 []


Underfull \hbox (badness 6316) in paragraph at lines 266--268
[]| \T1/ptm/m/n/10.95 for IsHomo-ge-neous-Co-her-ent-Con-fig-u-ra-tion,
 []


Underfull \hbox (badness 10000) in paragraph at lines 266--268
\T1/ptm/m/n/10.95 IsHomo-ge-neous-Co-her-ent-Con-fig-u-ra-tion,
 []


Underfull \hbox (badness 6316) in paragraph at lines 269--270
[]| \T1/ptm/m/n/10.95 for IsHomo-ge-neous-Co-her-ent-Con-fig-u-ra-tion,
 []


Underfull \hbox (badness 10000) in paragraph at lines 271--272
[]\T1/cmtt/m/n/10.95 Isomorphism\T1/ptm/m/n/10.95 -\T1/cmtt/m/n/10.95 Homogeneo
us\T1/ptm/m/n/10.95 -\T1/cmtt/m/n/10.95 Coherent\T1/ptm/m/n/10.95 -
 []


Underfull \hbox (badness 6316) in paragraph at lines 272--274
[]| \T1/ptm/m/n/10.95 for IsHomo-ge-neous-Co-her-ent-Con-fig-u-ra-tion,
 []


Underfull \hbox (badness 10000) in paragraph at lines 272--274
\T1/ptm/m/n/10.95 IsHomo-ge-neous-Co-her-ent-Con-fig-u-ra-tion,
 []


Underfull \hbox (badness 6316) in paragraph at lines 278--280
[]| \T1/ptm/m/n/10.95 for IsHomo-ge-neous-Co-her-ent-Con-fig-u-ra-tion,
 []


Underfull \hbox (badness 10000) in paragraph at lines 278--280
\T1/ptm/m/n/10.95 IsHomo-ge-neous-Co-her-ent-Con-fig-u-ra-tion,
 []


Underfull \hbox (badness 6316) in paragraph at lines 281--282
[]| \T1/ptm/m/n/10.95 for IsHomo-ge-neous-Co-her-ent-Con-fig-u-ra-tion,
 []


Underfull \hbox (badness 6316) in paragraph at lines 284--285
[]| \T1/ptm/m/n/10.95 for IsHomo-ge-neous-Co-her-ent-Con-fig-u-ra-tion,
 []


Underfull \hbox (badness 6316) in paragraph at lines 287--288
[]| \T1/ptm/m/n/10.95 for IsHomo-ge-neous-Co-her-ent-Con-fig-u-ra-tion,
 []


Underfull \hbox (badness 6316) in paragraph at lines 290--291
[]| \T1/ptm/m/n/10.95 for IsHomo-ge-neous-Co-her-ent-Con-fig-u-ra-tion,
 []


Underfull \hbox (badness 6316) in paragraph at lines 292--293
[]| \T1/ptm/m/n/10.95 for IsHomo-ge-neous-Co-her-ent-Con-fig-u-ra-tion,
 []

[57]
Underfull \hbox (badness 6316) in paragraph at lines 295--296
[]| \T1/ptm/m/n/10.95 for IsHomo-ge-neous-Co-her-ent-Con-fig-u-ra-tion,
 []


Underfull \hbox (badness 6316) in paragraph at lines 298--299
[]| \T1/ptm/m/n/10.95 for IsHomo-ge-neous-Co-her-ent-Con-fig-u-ra-tion,
 []


Underfull \hbox (badness 6316) in paragraph at lines 301--302
[]| \T1/ptm/m/n/10.95 for IsHomo-ge-neous-Co-her-ent-Con-fig-u-ra-tion,
 []


Underfull \hbox (badness 6316) in paragraph at lines 303--304
[]| \T1/ptm/m/n/10.95 for IsHomo-ge-neous-Co-her-ent-Con-fig-u-ra-tion,
 []


Underfull \hbox (badness 6316) in paragraph at lines 305--306
[]| \T1/ptm/m/n/10.95 for IsHomo-ge-neous-Co-her-ent-Con-fig-u-ra-tion,
 []


Underfull \hbox (badness 6316) in paragraph at lines 308--309
[]| \T1/ptm/m/n/10.95 for IsHomo-ge-neous-Co-her-ent-Con-fig-u-ra-tion,
 []


Underfull \hbox (badness 6316) in paragraph at lines 310--311
[]| \T1/ptm/m/n/10.95 for IsHomo-ge-neous-Co-her-ent-Con-fig-u-ra-tion,
 []


Underfull \hbox (badness 6316) in paragraph at lines 314--315
[]| \T1/ptm/m/n/10.95 for IsHomo-ge-neous-Co-her-ent-Con-fig-u-ra-tion,
 []


Underfull \hbox (badness 6316) in paragraph at lines 324--325
[]| \T1/ptm/m/n/10.95 for IsHomo-ge-neous-Co-her-ent-Con-fig-u-ra-tion,
 []


Underfull \hbox (badness 6316) in paragraph at lines 327--329
[]| \T1/ptm/m/n/10.95 for IsHomo-ge-neous-Co-her-ent-Con-fig-u-ra-tion,
 []


Underfull \hbox (badness 6316) in paragraph at lines 332--333
[]| \T1/ptm/m/n/10.95 for IsHomo-ge-neous-Co-her-ent-Con-fig-u-ra-tion,
 []


Underfull \hbox (badness 6316) in paragraph at lines 338--340
[]| \T1/ptm/m/n/10.95 for IsHomo-ge-neous-Co-her-ent-Con-fig-u-ra-tion,
 []


Underfull \hbox (badness 10000) in paragraph at lines 340--341
[]\T1/cmtt/m/n/10.95 Map\T1/ptm/m/n/10.95 -\T1/cmtt/m/n/10.95 From\T1/ptm/m/n/1
0.95 -\T1/cmtt/m/n/10.95 Adjacency\T1/ptm/m/n/10.95 -\T1/cmtt/m/n/10.95 Matrice
s\T1/ptm/m/n/10.95 -\T1/cmtt/m/n/10.95 To\T1/ptm/m/n/10.95 -\T1/cmtt/m/n/10.95 
Minimal\T1/ptm/m/n/10.95 -
 []


Underfull \hbox (badness 6316) in paragraph at lines 341--342
[]| \T1/ptm/m/n/10.95 for IsHomo-ge-neous-Co-her-ent-Con-fig-u-ra-tion,
 []


Underfull \hbox (badness 10000) in paragraph at lines 342--343
[]\T1/cmtt/m/n/10.95 Map\T1/ptm/m/n/10.95 -\T1/cmtt/m/n/10.95 From\T1/ptm/m/n/1
0.95 -\T1/cmtt/m/n/10.95 Adjacency\T1/ptm/m/n/10.95 -\T1/cmtt/m/n/10.95 Matrice
s\T1/ptm/m/n/10.95 -\T1/cmtt/m/n/10.95 To\T1/ptm/m/n/10.95 -\T1/cmtt/m/n/10.95 
Minimal\T1/ptm/m/n/10.95 -
 []


Underfull \hbox (badness 6316) in paragraph at lines 343--344
[]| \T1/ptm/m/n/10.95 for IsHomo-ge-neous-Co-her-ent-Con-fig-u-ra-tion,
 []


Underfull \hbox (badness 10000) in paragraph at lines 344--345
[]\T1/cmtt/m/n/10.95 Map\T1/ptm/m/n/10.95 -\T1/cmtt/m/n/10.95 From\T1/ptm/m/n/1
0.95 -\T1/cmtt/m/n/10.95 Intersection\T1/ptm/m/n/10.95 -\T1/cmtt/m/n/10.95 Matr
ices\T1/ptm/m/n/10.95 -\T1/cmtt/m/n/10.95 To\T1/ptm/m/n/10.95 -\T1/cmtt/m/n/10.
95 Central\T1/ptm/m/n/10.95 -
 []


Underfull \hbox (badness 10000) in paragraph at lines 346--347
[]\T1/cmtt/m/n/10.95 Map\T1/ptm/m/n/10.95 -\T1/cmtt/m/n/10.95 From\T1/ptm/m/n/1
0.95 -\T1/cmtt/m/n/10.95 Intersection\T1/ptm/m/n/10.95 -\T1/cmtt/m/n/10.95 Matr
ices\T1/ptm/m/n/10.95 -\T1/cmtt/m/n/10.95 To\T1/ptm/m/n/10.95 -\T1/cmtt/m/n/10.
95 Central\T1/ptm/m/n/10.95 -
 []


Underfull \hbox (badness 6316) in paragraph at lines 349--350
[]| \T1/ptm/m/n/10.95 for IsHomo-ge-neous-Co-her-ent-Con-fig-u-ra-tion,
 []


Underfull \hbox (badness 6316) in paragraph at lines 352--353
[]| \T1/ptm/m/n/10.95 for IsHomo-ge-neous-Co-her-ent-Con-fig-u-ra-tion,
 []


Underfull \hbox (badness 6316) in paragraph at lines 363--364
[]| \T1/ptm/m/n/10.95 for IsHomo-ge-neous-Co-her-ent-Con-fig-u-ra-tion,
 []


Underfull \hbox (badness 6316) in paragraph at lines 365--366
[]| \T1/ptm/m/n/10.95 for IsHomo-ge-neous-Co-her-ent-Con-fig-u-ra-tion,
 []


Underfull \hbox (badness 6316) in paragraph at lines 367--368
[]| \T1/ptm/m/n/10.95 for IsHomo-ge-neous-Co-her-ent-Con-fig-u-ra-tion,
 []


Underfull \hbox (badness 6316) in paragraph at lines 372--374
[]| \T1/ptm/m/n/10.95 for IsHomo-ge-neous-Co-her-ent-Con-fig-u-ra-tion,
 []

[58]
Underfull \hbox (badness 6316) in paragraph at lines 374--376
[]| \T1/ptm/m/n/10.95 for IsHomo-ge-neous-Co-her-ent-Con-fig-u-ra-tion,
 []


Underfull \hbox (badness 6316) in paragraph at lines 377--378
[]| \T1/ptm/m/n/10.95 for IsHomo-ge-neous-Co-her-ent-Con-fig-u-ra-tion,
 []


Underfull \hbox (badness 6316) in paragraph at lines 380--381
[]| \T1/ptm/m/n/10.95 for IsHomo-ge-neous-Co-her-ent-Con-fig-u-ra-tion,
 []


Underfull \hbox (badness 10000) in paragraph at lines 382--383
[]\T1/cmtt/m/n/10.95 Number\T1/ptm/m/n/10.95 -\T1/cmtt/m/n/10.95 Of\T1/ptm/m/n/
10.95 -\T1/cmtt/m/n/10.95 Homogeneous\T1/ptm/m/n/10.95 -\T1/cmtt/m/n/10.95 Cohe
rent\T1/ptm/m/n/10.95 -
 []


Underfull \hbox (badness 6316) in paragraph at lines 388--389
[]| \T1/ptm/m/n/10.95 for IsHomo-ge-neous-Co-her-ent-Con-fig-u-ra-tion,
 []


Underfull \hbox (badness 6316) in paragraph at lines 391--393
[]| \T1/ptm/m/n/10.95 for IsHomo-ge-neous-Co-her-ent-Con-fig-u-ra-tion,
 []


Underfull \hbox (badness 6316) in paragraph at lines 397--398
[]| \T1/ptm/m/n/10.95 for IsHomo-ge-neous-Co-her-ent-Con-fig-u-ra-tion,
 []


Underfull \hbox (badness 10000) in paragraph at lines 398--399
[]\T1/cmtt/m/n/10.95 Read\T1/ptm/m/n/10.95 -\T1/cmtt/m/n/10.95 Homogeneous\T1/p
tm/m/n/10.95 -\T1/cmtt/m/n/10.95 Coherent\T1/ptm/m/n/10.95 -\T1/cmtt/m/n/10.95 
Configuration\T1/ptm/m/n/10.95 -
 []


Underfull \hbox (badness 6316) in paragraph at lines 401--403
[]| \T1/ptm/m/n/10.95 for IsHomo-ge-neous-Co-her-ent-Con-fig-u-ra-tion,
 []


Underfull \hbox (badness 6316) in paragraph at lines 404--405
[]| \T1/ptm/m/n/10.95 for IsHomo-ge-neous-Co-her-ent-Con-fig-u-ra-tion,
 []


Underfull \hbox (badness 6316) in paragraph at lines 406--408
[]| \T1/ptm/m/n/10.95 for IsHomo-ge-neous-Co-her-ent-Con-fig-u-ra-tion,
 []


Underfull \hbox (badness 6316) in paragraph at lines 410--412
[]| \T1/ptm/m/n/10.95 for IsHomo-ge-neous-Co-her-ent-Con-fig-u-ra-tion,
 []


Underfull \hbox (badness 10000) in paragraph at lines 416--417
[]\T1/cmtt/m/n/10.95 Save\T1/ptm/m/n/10.95 -\T1/cmtt/m/n/10.95 Homogeneous\T1/p
tm/m/n/10.95 -\T1/cmtt/m/n/10.95 Coherent\T1/ptm/m/n/10.95 -\T1/cmtt/m/n/10.95 
Configuration\T1/ptm/m/n/10.95 -
 []


Underfull \hbox (badness 1038) in paragraph at lines 417--419
[]| \T1/ptm/m/n/10.95 for Is-String, IsHomo-ge-neous-Co-her-ent-Con-
 []


Underfull \hbox (badness 6316) in paragraph at lines 426--427
[]| \T1/ptm/m/n/10.95 for IsHomo-ge-neous-Co-her-ent-Con-fig-u-ra-tion,
 []


Underfull \hbox (badness 6316) in paragraph at lines 428--429
[]| \T1/ptm/m/n/10.95 for IsHomo-ge-neous-Co-her-ent-Con-fig-u-ra-tion,
 []


Underfull \hbox (badness 6316) in paragraph at lines 431--432
[]| \T1/ptm/m/n/10.95 for IsHomo-ge-neous-Co-her-ent-Con-fig-u-ra-tion,
 []


Underfull \hbox (badness 10000) in paragraph at lines 437--438
[]\T1/cmtt/m/n/10.95 Symmetrisation\T1/ptm/m/n/10.95 -\T1/cmtt/m/n/10.95 Of\T1/
ptm/m/n/10.95 -\T1/cmtt/m/n/10.95 Homogeneous\T1/ptm/m/n/10.95 -\T1/cmtt/m/n/10
.95 Coherent\T1/ptm/m/n/10.95 -
 []


Underfull \hbox (badness 6316) in paragraph at lines 438--439
[]| \T1/ptm/m/n/10.95 for IsHomo-ge-neous-Co-her-ent-Con-fig-u-ra-tion,
 []


Underfull \hbox (badness 6316) in paragraph at lines 445--446
[]| \T1/ptm/m/n/10.95 for IsHomo-ge-neous-Co-her-ent-Con-fig-u-ra-tion,
 []


Underfull \hbox (badness 6316) in paragraph at lines 446--448
[]| \T1/ptm/m/n/10.95 for IsHomo-ge-neous-Co-her-ent-Con-fig-u-ra-tion,
 []


Underfull \hbox (badness 6316) in paragraph at lines 452--453
[]| \T1/ptm/m/n/10.95 for IsHomo-ge-neous-Co-her-ent-Con-fig-u-ra-tion,
 []


Underfull \hbox (badness 6316) in paragraph at lines 455--456
[]| \T1/ptm/m/n/10.95 for IsHomo-ge-neous-Co-her-ent-Con-fig-u-ra-tion,
 []


Underfull \hbox (badness 6316) in paragraph at lines 461--463
[]| \T1/ptm/m/n/10.95 for IsHomo-ge-neous-Co-her-ent-Con-fig-u-ra-tion,
 []

[59]
Underfull \hbox (badness 6316) in paragraph at lines 464--466
[]| \T1/ptm/m/n/10.95 for IsHomo-ge-neous-Co-her-ent-Con-fig-u-ra-tion,
 []


Underfull \hbox (badness 10000) in paragraph at lines 466--467
[]\T1/cmtt/m/n/10.95 Wreath\T1/ptm/m/n/10.95 -\T1/cmtt/m/n/10.95 Product\T1/ptm
/m/n/10.95 -\T1/cmtt/m/n/10.95 Of\T1/ptm/m/n/10.95 -\T1/cmtt/m/n/10.95 Homogene
ous\T1/ptm/m/n/10.95 -\T1/cmtt/m/n/10.95 Coherent\T1/ptm/m/n/10.95 -
 []


Underfull \hbox (badness 6316) in paragraph at lines 467--469
[]| \T1/ptm/m/n/10.95 for IsHomo-ge-neous-Co-her-ent-Con-fig-u-ra-tion,
 []


Underfull \hbox (badness 10000) in paragraph at lines 467--469
\T1/ptm/m/n/10.95 IsHomo-ge-neous-Co-her-ent-Con-fig-u-ra-tion,
 []

[60

])
Package atveryend Info: Empty hook `BeforeClearDocument' on input line 4467.
Package atveryend Info: Empty hook `AfterLastShipout' on input line 4467.
 (./AssociationSchemes.aux)
Package atveryend Info: Executing hook `AtVeryEndDocument' on input line 4467.
Package atveryend Info: Executing hook `AtEndAfterFileList' on input line 4467.

Package rerunfilecheck Info: File `AssociationSchemes.out' has not changed.
(rerunfilecheck)             Checksum: C23BE004FF9950000590416958FF1367;2444.
Package rerunfilecheck Info: File `AssociationSchemes.brf' has not changed.
(rerunfilecheck)             Checksum: 162709F44C11ACC0BA09CC36BAD2CB0F;392.
Package atveryend Info: Empty hook `AtVeryVeryEnd' on input line 4467.
 ) 
Here is how much of TeX's memory you used:
 8600 strings out of 492995
 137604 string characters out of 6132703
 227747 words of memory out of 5000000
 11432 multiletter control sequences out of 15000+600000
 75416 words of font info for 100 fonts, out of 8000000 for 9000
 1141 hyphenation exceptions out of 8191
 32i,7n,31p,487b,586s stack positions out of 5000i,500n,10000p,200000b,80000s
{/usr/local/texlive/2017/texmf-dist/fonts/enc/dvips/cm-super/cm-super-t1.enc}
{/usr/local/texlive/2017/texmf-dist/fonts/enc/dvips/base/8r.enc}</usr/local/tex
live/2017/texmf-dist/fonts/type1/public/amsfonts/cm/cmmi10.pfb></usr/local/texl
ive/2017/texmf-dist/fonts/type1/public/amsfonts/cm/cmr10.pfb></usr/local/texliv
e/2017/texmf-dist/fonts/type1/public/amsfonts/cm/cmsy10.pfb></usr/local/texlive
/2017/texmf-dist/fonts/type1/public/cm-super/sfst1095.pfb></usr/local/texlive/2
017/texmf-dist/fonts/type1/public/cm-super/sftt1000.pfb></usr/local/texlive/201
7/texmf-dist/fonts/type1/public/cm-super/sftt1095.pfb></usr/local/texlive/2017/
texmf-dist/fonts/type1/urw/helvetic/uhvb8a.pfb></usr/local/texlive/2017/texmf-d
ist/fonts/type1/urw/helvetic/uhvr8a.pfb></usr/local/texlive/2017/texmf-dist/fon
ts/type1/urw/symbol/usyr.pfb></usr/local/texlive/2017/texmf-dist/fonts/type1/ur
w/symbol/usyr.pfb></usr/local/texlive/2017/texmf-dist/fonts/type1/urw/times/utm
b8a.pfb></usr/local/texlive/2017/texmf-dist/fonts/type1/urw/times/utmr8a.pfb></
usr/local/texlive/2017/texmf-dist/fonts/type1/urw/times/utmr8a.pfb></usr/local/
texlive/2017/texmf-dist/fonts/type1/urw/times/utmri8a.pfb>
Output written on AssociationSchemes.pdf (61 pages, 317207 bytes).
PDF statistics:
 1353 PDF objects out of 1440 (max. 8388607)
 1263 compressed objects within 13 object streams
 571 named destinations out of 1000 (max. 500000)
 305 words of extra memory for PDF output out of 10000 (max. 10000000)

