\BOOKMARK [0][-]{chapter.1}{Introduction}{}% 1
\BOOKMARK [1][-]{section.1.1}{Welcome to AssociationSchemes}{chapter.1}% 2
\BOOKMARK [1][-]{section.1.2}{Citing AssociationSchemes}{chapter.1}% 3
\BOOKMARK [1][-]{section.1.3}{Dependencies}{chapter.1}% 4
\BOOKMARK [1][-]{section.1.4}{Installation}{chapter.1}% 5
\BOOKMARK [0][-]{chapter.2}{Getting Started}{}% 6
\BOOKMARK [1][-]{section.2.1}{Tutorial - A first session with AssociationSchemes}{chapter.2}% 7
\BOOKMARK [0][-]{chapter.3}{Homogeneous Coherent Configuration objects}{}% 8
\BOOKMARK [1][-]{section.3.1}{Core functionality}{chapter.3}% 9
\BOOKMARK [1][-]{section.3.2}{Constructor methods}{chapter.3}% 10
\BOOKMARK [1][-]{section.3.3}{Library}{chapter.3}% 11
\BOOKMARK [1][-]{section.3.4}{Graphs, automorphisms, and maps}{chapter.3}% 12
\BOOKMARK [1][-]{section.3.5}{Fusions}{chapter.3}% 13
\BOOKMARK [1][-]{section.3.6}{Bose-Mesner algebra}{chapter.3}% 14
\BOOKMARK [1][-]{section.3.7}{Metric schemes}{chapter.3}% 15
\BOOKMARK [1][-]{section.3.8}{Cometric schemes}{chapter.3}% 16
\BOOKMARK [1][-]{section.3.9}{Subsets}{chapter.3}% 17
\BOOKMARK [1][-]{section.3.10}{Approximations}{chapter.3}% 18
\BOOKMARK [1][-]{section.3.11}{Algebras}{chapter.3}% 19
\BOOKMARK [0][-]{chapter.4}{Intersection Algebra objects}{}% 20
\BOOKMARK [1][-]{section.4.1}{Core functionality}{chapter.4}% 21
\BOOKMARK [1][-]{section.4.2}{Constructor methods}{chapter.4}% 22
\BOOKMARK [1][-]{section.4.3}{Automorphisms and maps}{chapter.4}% 23
\BOOKMARK [1][-]{section.4.4}{Fusions}{chapter.4}% 24
\BOOKMARK [1][-]{section.4.5}{Intersection algebra}{chapter.4}% 25
\BOOKMARK [1][-]{section.4.6}{Metric schemes}{chapter.4}% 26
\BOOKMARK [1][-]{section.4.7}{Cometric schemes}{chapter.4}% 27
\BOOKMARK [0][-]{chapter.5}{Examples}{}% 28
\BOOKMARK [1][-]{section.5.1}{Example 1 \205 Constructing groups}{chapter.5}% 29
\BOOKMARK [1][-]{section.5.2}{Example 2 \205 Dual polar spaces and their graphs}{chapter.5}% 30
\BOOKMARK [1][-]{section.5.3}{Example 3 \205 Codes}{chapter.5}% 31
\BOOKMARK [1][-]{section.5.4}{Example 4 \205 Using the library}{chapter.5}% 32
\BOOKMARK [1][-]{section.5.5}{Example 5 \205 Constructing HS \(advanced example\)}{chapter.5}% 33
\BOOKMARK [0][-]{chapter.6}{Appendix}{}% 34
\BOOKMARK [1][-]{section.6.1}{AssociationSchemes Links}{chapter.6}% 35
\BOOKMARK [1][-]{section.6.2}{GAP Links}{chapter.6}% 36
\BOOKMARK [0][-]{chapter*.5}{References}{}% 37
\BOOKMARK [0][-]{section*.6}{Index}{}% 38
